1713007266832	geckodriver	INFO	Listening on 127.0.0.1:59843
1713007269890	mozrunner::runner	INFO	Running command: "C:\\Program Files\\Mozilla Firefox\\firefox.exe" "--marionette" "--remote-debugging-port" "59844" "--remote-allow-hosts" "localhost" "-no-remote" "-profile" "C:\\Users\\etmom\\AppData\\Local\\Temp\\rust_mozprofileM4mwfk"
console.warn: services.settings: Ignoring preference override of remote settings server
console.warn: services.settings: Allow by setting MOZ_REMOTE_SETTINGS_DEVTOOLS=1 in the environment
1713007270210	Marionette	INFO	Marionette enabled
Dynamically enable window occlusion 0
1713007270284	Marionette	INFO	Listening on port 59851
WebDriver BiDi listening on ws://127.0.0.1:59844
Read port: 59851
1713007270402	RemoteAgent	WARN	TLS certificate errors will be ignored for this session
DevTools listening on ws://127.0.0.1:59844/devtools/browser/904090d9-fda4-4688-ba9d-393bcd11b2ca
console.warn: LoginRecipes: "Falling back to a synchronous message for: https://automacao.qacoders-academy.com.br."
console.warn: LoginRecipes: "Falling back to a synchronous message for: https://automacao.qacoders-academy.com.br."
console.warn: LoginRecipes: "Falling back to a synchronous message for: https://automacao.qacoders-academy.com.br."
1713007300598	addons.xpi	ERROR	System addon update list error SyntaxError: XMLHttpRequest.open: 'http://%(server)s/dummy-system-addons.xml' is not a valid URL.
JavaScript error: chrome://browser/content/preferences/moreFromMozilla.js, line 83: TypeError: Region.home is null
JavaScript error: chrome://browser/content/preferences/moreFromMozilla.js, line 83: TypeError: Region.home is null
console.warn: LoginRecipes: "Falling back to a synchronous message for: https://accounts.firefox.com."
1713008144668	FirefoxAccounts	ERROR	error GETing /account/devices?filterIdleDevicesTimestamp=1711193744651: {"error":{},"errorString":"[Exception... \"NS_ERROR_UNKNOWN_HOST\"  nsresult: \"0x804b001e (NS_ERROR_UNKNOWN_HOST)\"  location: \"JS frame :: resource://services-common/rest.sys.mjs :: onStopRequest :: line 478\"  data: no]","message":null,"code":null,"errno":null}
1713008144669	Sync.Browser	ERROR	Refreshing device list failed.: {"error":{},"errorString":"[Exception... \"NS_ERROR_UNKNOWN_HOST\"  nsresult: \"0x804b001e (NS_ERROR_UNKNOWN_HOST)\"  location: \"JS frame :: resource://services-common/rest.sys.mjs :: onStopRequest :: line 478\"  data: no]","message":null,"code":null,"errno":null}
1713008144670	FirefoxAccounts	ERROR	error POSTing /oauth/token: {"error":{},"errorString":"[Exception... \"NS_ERROR_UNKNOWN_HOST\"  nsresult: \"0x804b001e (NS_ERROR_UNKNOWN_HOST)\"  location: \"JS frame :: resource://services-common/rest.sys.mjs :: onStopRequest :: line 478\"  data: no]","message":null,"code":null,"errno":null}
1713008144670	FirefoxAccounts	ERROR	Background refresh of initial profile failed: {"error":{},"errorString":"[Exception... \"NS_ERROR_UNKNOWN_HOST\"  nsresult: \"0x804b001e (NS_ERROR_UNKNOWN_HOST)\"  location: \"JS frame :: resource://services-common/rest.sys.mjs :: onStopRequest :: line 478\"  data: no]","message":null,"code":null,"errno":null}
1713008144670	FirefoxAccounts	ERROR	Background refresh of initial profile failed: {"error":{},"errorString":"[Exception... \"NS_ERROR_UNKNOWN_HOST\"  nsresult: \"0x804b001e (NS_ERROR_UNKNOWN_HOST)\"  location: \"JS frame :: resource://services-common/rest.sys.mjs :: onStopRequest :: line 478\"  data: no]","message":null,"code":null,"errno":null}
1713008144670	FirefoxAccounts	ERROR	Background refresh of initial profile failed: {"error":{},"errorString":"[Exception... \"NS_ERROR_UNKNOWN_HOST\"  nsresult: \"0x804b001e (NS_ERROR_UNKNOWN_HOST)\"  location: \"JS frame :: resource://services-common/rest.sys.mjs :: onStopRequest :: line 478\"  data: no]","message":null,"code":null,"errno":null}
1713008144670	FirefoxAccounts	ERROR	Background refresh of initial profile failed: {"error":{},"errorString":"[Exception... \"NS_ERROR_UNKNOWN_HOST\"  nsresult: \"0x804b001e (NS_ERROR_UNKNOWN_HOST)\"  location: \"JS frame :: resource://services-common/rest.sys.mjs :: onStopRequest :: line 478\"  data: no]","message":null,"code":null,"errno":null}
1713008144677	FirefoxAccounts	ERROR	error POSTing /account/scoped-key-data: {"error":{},"errorString":"[Exception... \"NS_ERROR_UNKNOWN_HOST\"  nsresult: \"0x804b001e (NS_ERROR_UNKNOWN_HOST)\"  location: \"JS frame :: resource://services-common/rest.sys.mjs :: onStopRequest :: line 478\"  data: no]","message":null,"code":null,"errno":null}
1713008144680	FirefoxAccounts	ERROR	error POSTing /account/device: {"error":{},"errorString":"[Exception... \"NS_ERROR_UNKNOWN_HOST\"  nsresult: \"0x804b001e (NS_ERROR_UNKNOWN_HOST)\"  location: \"JS frame :: resource://services-common/rest.sys.mjs :: onStopRequest :: line 478\"  data: no]","message":null,"code":null,"errno":null}
1713008144680	FirefoxAccounts	ERROR	device registration failed: {"error":{},"errorString":"[Exception... \"NS_ERROR_UNKNOWN_HOST\"  nsresult: \"0x804b001e (NS_ERROR_UNKNOWN_HOST)\"  location: \"JS frame :: resource://services-common/rest.sys.mjs :: onStopRequest :: line 478\"  data: no]","message":null,"code":null,"errno":null}
1713008144702	FirefoxAccounts	ERROR	error GETing /account/devices?filterIdleDevicesTimestamp=1711193744686: {"error":{},"errorString":"[Exception... \"NS_ERROR_UNKNOWN_HOST\"  nsresult: \"0x804b001e (NS_ERROR_UNKNOWN_HOST)\"  location: \"JS frame :: resource://services-common/rest.sys.mjs :: onStopRequest :: line 478\"  data: no]","message":null,"code":null,"errno":null}
1713008144702	Sync.Browser	ERROR	Refreshing device list failed.: {"error":{},"errorString":"[Exception... \"NS_ERROR_UNKNOWN_HOST\"  nsresult: \"0x804b001e (NS_ERROR_UNKNOWN_HOST)\"  location: \"JS frame :: resource://services-common/rest.sys.mjs :: onStopRequest :: line 478\"  data: no]","message":null,"code":null,"errno":null}
1713008144703	FirefoxAccounts	ERROR	error POSTing /oauth/token: {"error":{},"errorString":"[Exception... \"NS_ERROR_UNKNOWN_HOST\"  nsresult: \"0x804b001e (NS_ERROR_UNKNOWN_HOST)\"  location: \"JS frame :: resource://services-common/rest.sys.mjs :: onStopRequest :: line 478\"  data: no]","message":null,"code":null,"errno":null}
1713008144703	FirefoxAccounts	ERROR	Background refresh of initial profile failed: {"error":{},"errorString":"[Exception... \"NS_ERROR_UNKNOWN_HOST\"  nsresult: \"0x804b001e (NS_ERROR_UNKNOWN_HOST)\"  location: \"JS frame :: resource://services-common/rest.sys.mjs :: onStopRequest :: line 478\"  data: no]","message":null,"code":null,"errno":null}
1713008144703	FirefoxAccounts	ERROR	Background refresh of initial profile failed: {"error":{},"errorString":"[Exception... \"NS_ERROR_UNKNOWN_HOST\"  nsresult: \"0x804b001e (NS_ERROR_UNKNOWN_HOST)\"  location: \"JS frame :: resource://services-common/rest.sys.mjs :: onStopRequest :: line 478\"  data: no]","message":null,"code":null,"errno":null}
1713008144703	FirefoxAccounts	ERROR	Background refresh of initial profile failed: {"error":{},"errorString":"[Exception... \"NS_ERROR_UNKNOWN_HOST\"  nsresult: \"0x804b001e (NS_ERROR_UNKNOWN_HOST)\"  location: \"JS frame :: resource://services-common/rest.sys.mjs :: onStopRequest :: line 478\"  data: no]","message":null,"code":null,"errno":null}
1713008144703	FirefoxAccounts	ERROR	Background refresh of initial profile failed: {"error":{},"errorString":"[Exception... \"NS_ERROR_UNKNOWN_HOST\"  nsresult: \"0x804b001e (NS_ERROR_UNKNOWN_HOST)\"  location: \"JS frame :: resource://services-common/rest.sys.mjs :: onStopRequest :: line 478\"  data: no]","message":null,"code":null,"errno":null}
1713008144703	FirefoxAccounts	ERROR	Background refresh of initial profile failed: {"error":{},"errorString":"[Exception... \"NS_ERROR_UNKNOWN_HOST\"  nsresult: \"0x804b001e (NS_ERROR_UNKNOWN_HOST)\"  location: \"JS frame :: resource://services-common/rest.sys.mjs :: onStopRequest :: line 478\"  data: no]","message":null,"code":null,"errno":null}
1713008144703	FirefoxAccounts	ERROR	Background refresh of initial profile failed: {"error":{},"errorString":"[Exception... \"NS_ERROR_UNKNOWN_HOST\"  nsresult: \"0x804b001e (NS_ERROR_UNKNOWN_HOST)\"  location: \"JS frame :: resource://services-common/rest.sys.mjs :: onStopRequest :: line 478\"  data: no]","message":null,"code":null,"errno":null}
1713008144703	FirefoxAccounts	ERROR	Background refresh of initial profile failed: {"error":{},"errorString":"[Exception... \"NS_ERROR_UNKNOWN_HOST\"  nsresult: \"0x804b001e (NS_ERROR_UNKNOWN_HOST)\"  location: \"JS frame :: resource://services-common/rest.sys.mjs :: onStopRequest :: line 478\"  data: no]","message":null,"code":null,"errno":null}
1713008144703	FirefoxAccounts	ERROR	error POSTing /account/scoped-key-data: {"error":{},"errorString":"[Exception... \"NS_ERROR_UNKNOWN_HOST\"  nsresult: \"0x804b001e (NS_ERROR_UNKNOWN_HOST)\"  location: \"JS frame :: resource://services-common/rest.sys.mjs :: onStopRequest :: line 478\"  data: no]","message":null,"code":null,"errno":null}
1713008144704	Sync.SyncAuthManager	ERROR	Non-authentication error in _fetchTokenForUser: {"error":{},"errorString":"[Exception... \"NS_ERROR_UNKNOWN_HOST\"  nsresult: \"0x804b001e (NS_ERROR_UNKNOWN_HOST)\"  location: \"JS frame :: resource://services-common/rest.sys.mjs :: onStopRequest :: line 478\"  data: no]","message":null,"code":null,"errno":null}
1713008144704	Sync.ErrorHandler	ERROR	Sync encountered a login error
1713008144711	FirefoxAccounts	ERROR	error GETing /account/devices?filterIdleDevicesTimestamp=1711193744708: {"error":{},"errorString":"[Exception... \"NS_ERROR_UNKNOWN_HOST\"  nsresult: \"0x804b001e (NS_ERROR_UNKNOWN_HOST)\"  location: \"JS frame :: resource://services-common/rest.sys.mjs :: onStopRequest :: line 478\"  data: no]","message":null,"code":null,"errno":null}
1713008144711	Sync.Browser	ERROR	Refreshing device list failed.: {"error":{},"errorString":"[Exception... \"NS_ERROR_UNKNOWN_HOST\"  nsresult: \"0x804b001e (NS_ERROR_UNKNOWN_HOST)\"  location: \"JS frame :: resource://services-common/rest.sys.mjs :: onStopRequest :: line 478\"  data: no]","message":null,"code":null,"errno":null}
1713008144711	Sync.Browser	ERROR	Refreshing device list failed.: {"error":{},"errorString":"[Exception... \"NS_ERROR_UNKNOWN_HOST\"  nsresult: \"0x804b001e (NS_ERROR_UNKNOWN_HOST)\"  location: \"JS frame :: resource://services-common/rest.sys.mjs :: onStopRequest :: line 478\"  data: no]","message":null,"code":null,"errno":null}
console.error: "Sync encountered an error - see about:sync-log for the log file."
1713008144712	FirefoxAccounts	ERROR	error POSTing /oauth/token: {"error":{},"errorString":"[Exception... \"NS_ERROR_UNKNOWN_HOST\"  nsresult: \"0x804b001e (NS_ERROR_UNKNOWN_HOST)\"  location: \"JS frame :: resource://services-common/rest.sys.mjs :: onStopRequest :: line 478\"  data: no]","message":null,"code":null,"errno":null}
1713008144712	FirefoxAccounts	ERROR	Background refresh of initial profile failed: {"error":{},"errorString":"[Exception... \"NS_ERROR_UNKNOWN_HOST\"  nsresult: \"0x804b001e (NS_ERROR_UNKNOWN_HOST)\"  location: \"JS frame :: resource://services-common/rest.sys.mjs :: onStopRequest :: line 478\"  data: no]","message":null,"code":null,"errno":null}
1713008144712	FirefoxAccounts	ERROR	Background refresh of initial profile failed: {"error":{},"errorString":"[Exception... \"NS_ERROR_UNKNOWN_HOST\"  nsresult: \"0x804b001e (NS_ERROR_UNKNOWN_HOST)\"  location: \"JS frame :: resource://services-common/rest.sys.mjs :: onStopRequest :: line 478\"  data: no]","message":null,"code":null,"errno":null}
1713008144712	FirefoxAccounts	ERROR	Background refresh of initial profile failed: {"error":{},"errorString":"[Exception... \"NS_ERROR_UNKNOWN_HOST\"  nsresult: \"0x804b001e (NS_ERROR_UNKNOWN_HOST)\"  location: \"JS frame :: resource://services-common/rest.sys.mjs :: onStopRequest :: line 478\"  data: no]","message":null,"code":null,"errno":null}
1713008144712	FirefoxAccounts	ERROR	Background refresh of initial profile failed: {"error":{},"errorString":"[Exception... \"NS_ERROR_UNKNOWN_HOST\"  nsresult: \"0x804b001e (NS_ERROR_UNKNOWN_HOST)\"  location: \"JS frame :: resource://services-common/rest.sys.mjs :: onStopRequest :: line 478\"  data: no]","message":null,"code":null,"errno":null}
1713008144712	FirefoxAccounts	ERROR	Background refresh of initial profile failed: {"error":{},"errorString":"[Exception... \"NS_ERROR_UNKNOWN_HOST\"  nsresult: \"0x804b001e (NS_ERROR_UNKNOWN_HOST)\"  location: \"JS frame :: resource://services-common/rest.sys.mjs :: onStopRequest :: line 478\"  data: no]","message":null,"code":null,"errno":null}
1713008144712	FirefoxAccounts	ERROR	Background refresh of initial profile failed: {"error":{},"errorString":"[Exception... \"NS_ERROR_UNKNOWN_HOST\"  nsresult: \"0x804b001e (NS_ERROR_UNKNOWN_HOST)\"  location: \"JS frame :: resource://services-common/rest.sys.mjs :: onStopRequest :: line 478\"  data: no]","message":null,"code":null,"errno":null}
JavaScript error: chrome://mozapps/content/extensions/aboutaddons.js, line 476: TypeError: URL constructor: http://%(server)s/extensions-dummy/repositoryBrowseURL is not a valid URL.
1713008225715	Marionette	WARN	Ignoring event 'pageshow' because document has an invalid readyState of 'uninitialized'.
console.error: "Error writing response to: getWalker"
console.error: "Error while calling actor 'inspector's method 'getWalker'" "can't access dead object"
console.error: (new TypeError("can't access dead object", "resource://devtools/server/actors/inspector/event-collector.js", 277))
console.error: "Exception when calling onAvailable handler" "Protocol error (TypeError): can't access dead object from: server0.conn0.windowGlobal6442450945/inspectorActor4 (resource://devtools/server/actors/inspector/event-collector.js:277:22)" (new Error("Protocol error (TypeError): can't access dead object from: server0.conn0.windowGlobal6442450945/inspectorActor4 (resource://devtools/server/actors/inspector/event-collector.js:277:22)", "resource://devtools/shared/protocol/Front.js", 382))
console.error: "Failed to start [root-node] legacy listener for target server0.conn0.windowGlobal6442450945/windowGlobalTarget2" (new Error("Protocol error (TypeError): can't access dead object from: server0.conn0.windowGlobal6442450945/inspectorActor4 (resource://devtools/server/actors/inspector/event-collector.js:277:22)", "resource://devtools/shared/protocol/Front.js", 382))
console.error: "Error reading response to: getPageStyle\nTypeError: this.walker is undefined"
console.error: (new TypeError("this._cssProperties is undefined", "resource://devtools/client/inspector/inspector.js", 537))
console.error: "Exception when calling onAvailable handler" "Protocol error (TypeError): can't access dead object from: server0.conn0.windowGlobal6442450945/inspectorActor4 (resource://devtools/server/actors/inspector/event-collector.js:277:22)" (new Error("Protocol error (TypeError): can't access dead object from: server0.conn0.windowGlobal6442450945/inspectorActor4 (resource://devtools/server/actors/inspector/event-collector.js:277:22)", "resource://devtools/shared/protocol/Front.js", 382))
console.error: (new Error("Protocol error (TypeError): can't access dead object from: server0.conn0.windowGlobal6442450945/inspectorActor4 (resource://devtools/server/actors/inspector/event-collector.js:277:22)", "resource://devtools/shared/protocol/Front.js", 382))
JavaScript error: resource://devtools/shared/protocol/Front.js, line 382: Error: Protocol error (TypeError): can't access dead object from: server0.conn0.windowGlobal6442450945/inspectorActor4 (resource://devtools/server/actors/inspector/event-collector.js:277:22)
JavaScript error: resource://devtools/shared/protocol/Front.js, line 382: Error: Protocol error (TypeError): can't access dead object from: server0.conn0.windowGlobal6442450945/inspectorActor4 (resource://devtools/server/actors/inspector/event-collector.js:277:22)
JavaScript error: resource://devtools/shared/protocol/Front.js, line 382: Error: Protocol error (TypeError): can't access dead object from: server0.conn0.windowGlobal6442450945/inspectorActor4 (resource://devtools/server/actors/inspector/event-collector.js:277:22)
JavaScript error: resource://devtools/shared/protocol/Front.js, line 382: Error: Protocol error (TypeError): can't access dead object from: server0.conn0.windowGlobal6442450945/inspectorActor4 (resource://devtools/server/actors/inspector/event-collector.js:277:22)
JavaScript error: resource://devtools/shared/protocol/Front.js, line 382: Error: Protocol error (TypeError): can't access dead object from: server0.conn0.windowGlobal6442450945/inspectorActor4 (resource://devtools/server/actors/inspector/event-collector.js:277:22)
JavaScript error: resource://devtools/client/framework/toolbox.js, line 2061: TypeError: currentPanel is undefined
JavaScript error: resource://devtools/client/framework/toolbox.js, line 2061: TypeError: currentPanel is undefined
JavaScript error: resource://devtools/client/framework/toolbox.js, line 2061: TypeError: currentPanel is undefined
JavaScript error: resource://devtools/client/framework/toolbox.js, line 2061: TypeError: currentPanel is undefined
JavaScript error: resource://devtools/client/framework/toolbox.js, line 2061: TypeError: currentPanel is undefined
1713008417433	Marionette	WARN	Ignoring event 'pageshow' because document has an invalid readyState of 'uninitialized'.
console.warn: "Error while destroying front:" "inspector" (new Error("Protocol error (TypeError): can't access dead object from: server0.conn0.windowGlobal6442450945/inspectorActor4 (resource://devtools/server/actors/inspector/event-collector.js:277:22)", "resource://devtools/shared/protocol/Front.js", 382))
JavaScript error: , line 0: NotFoundError: No such JSWindowActor 'DevToolsFrame'
1713008545498	FirefoxAccounts	ERROR	error GETing /account/devices?filterIdleDevicesTimestamp=1711194145492: {"error":{},"errorString":"[Exception... \"NS_ERROR_UNKNOWN_HOST\"  nsresult: \"0x804b001e (NS_ERROR_UNKNOWN_HOST)\"  location: \"JS frame :: resource://services-common/rest.sys.mjs :: onStopRequest :: line 478\"  data: no]","message":null,"code":null,"errno":null}
1713008545498	Sync.Browser	ERROR	Refreshing device list failed.: {"error":{},"errorString":"[Exception... \"NS_ERROR_UNKNOWN_HOST\"  nsresult: \"0x804b001e (NS_ERROR_UNKNOWN_HOST)\"  location: \"JS frame :: resource://services-common/rest.sys.mjs :: onStopRequest :: line 478\"  data: no]","message":null,"code":null,"errno":null}
console.warn: LoginRecipes: "Falling back to a synchronous message for: moz-extension://54bd2734-7d76-484d-a104-7503a7cf1e4c."
1713011744739	Sync.SyncScheduler	ERROR	Fetching missed remote commands failed.: Error: No device registration.(resource://gre/modules/FxAccountsCommands.sys.mjs:104:15) JS Stack trace: pollDeviceCommands/<@FxAccountsCommands.sys.mjs:104:15
1713011744793	FirefoxAccounts	ERROR	error POSTing /oauth/token: {"error":{},"errorString":"[Exception... \"NS_ERROR_UNKNOWN_HOST\"  nsresult: \"0x804b001e (NS_ERROR_UNKNOWN_HOST)\"  location: \"JS frame :: resource://services-common/rest.sys.mjs :: onStopRequest :: line 478\"  data: no]","message":null,"code":null,"errno":null}
1713011744794	FirefoxAccounts	ERROR	Background refresh of initial profile failed: {"error":{},"errorString":"[Exception... \"NS_ERROR_UNKNOWN_HOST\"  nsresult: \"0x804b001e (NS_ERROR_UNKNOWN_HOST)\"  location: \"JS frame :: resource://services-common/rest.sys.mjs :: onStopRequest :: line 478\"  data: no]","message":null,"code":null,"errno":null}
1713011744794	FirefoxAccounts	ERROR	Background refresh of initial profile failed: {"error":{},"errorString":"[Exception... \"NS_ERROR_UNKNOWN_HOST\"  nsresult: \"0x804b001e (NS_ERROR_UNKNOWN_HOST)\"  location: \"JS frame :: resource://services-common/rest.sys.mjs :: onStopRequest :: line 478\"  data: no]","message":null,"code":null,"errno":null}
1713011744796	FirefoxAccounts	ERROR	error POSTing /account/scoped-key-data: {"error":{},"errorString":"[Exception... \"NS_ERROR_UNKNOWN_HOST\"  nsresult: \"0x804b001e (NS_ERROR_UNKNOWN_HOST)\"  location: \"JS frame :: resource://services-common/rest.sys.mjs :: onStopRequest :: line 478\"  data: no]","message":null,"code":null,"errno":null}
1713011744797	Sync.SyncAuthManager	ERROR	Non-authentication error in _fetchTokenForUser: {"error":{},"errorString":"[Exception... \"NS_ERROR_UNKNOWN_HOST\"  nsresult: \"0x804b001e (NS_ERROR_UNKNOWN_HOST)\"  location: \"JS frame :: resource://services-common/rest.sys.mjs :: onStopRequest :: line 478\"  data: no]","message":null,"code":null,"errno":null}
1713011744799	Sync.ErrorHandler	ERROR	Sync encountered a login error
1713011744859	FirefoxAccounts	ERROR	error GETing /account/devices?filterIdleDevicesTimestamp=1711197344846: {"error":{},"errorString":"[Exception... \"NS_ERROR_UNKNOWN_HOST\"  nsresult: \"0x804b001e (NS_ERROR_UNKNOWN_HOST)\"  location: \"JS frame :: resource://services-common/rest.sys.mjs :: onStopRequest :: line 478\"  data: no]","message":null,"code":null,"errno":null}
1713011744860	Sync.Browser	ERROR	Refreshing device list failed.: {"error":{},"errorString":"[Exception... \"NS_ERROR_UNKNOWN_HOST\"  nsresult: \"0x804b001e (NS_ERROR_UNKNOWN_HOST)\"  location: \"JS frame :: resource://services-common/rest.sys.mjs :: onStopRequest :: line 478\"  data: no]","message":null,"code":null,"errno":null}
1713011744860	Sync.Browser	ERROR	Refreshing device list failed.: {"error":{},"errorString":"[Exception... \"NS_ERROR_UNKNOWN_HOST\"  nsresult: \"0x804b001e (NS_ERROR_UNKNOWN_HOST)\"  location: \"JS frame :: resource://services-common/rest.sys.mjs :: onStopRequest :: line 478\"  data: no]","message":null,"code":null,"errno":null}
1713011744860	Sync.Browser	ERROR	Refreshing device list failed.: {"error":{},"errorString":"[Exception... \"NS_ERROR_UNKNOWN_HOST\"  nsresult: \"0x804b001e (NS_ERROR_UNKNOWN_HOST)\"  location: \"JS frame :: resource://services-common/rest.sys.mjs :: onStopRequest :: line 478\"  data: no]","message":null,"code":null,"errno":null}
1713011744860	Sync.Browser	ERROR	Refreshing device list failed.: {"error":{},"errorString":"[Exception... \"NS_ERROR_UNKNOWN_HOST\"  nsresult: \"0x804b001e (NS_ERROR_UNKNOWN_HOST)\"  location: \"JS frame :: resource://services-common/rest.sys.mjs :: onStopRequest :: line 478\"  data: no]","message":null,"code":null,"errno":null}
1713011744862	FirefoxAccounts	ERROR	error POSTing /oauth/token: {"error":{},"errorString":"[Exception... \"NS_ERROR_UNKNOWN_HOST\"  nsresult: \"0x804b001e (NS_ERROR_UNKNOWN_HOST)\"  location: \"JS frame :: resource://services-common/rest.sys.mjs :: onStopRequest :: line 478\"  data: no]","message":null,"code":null,"errno":null}
1713011744862	FirefoxAccounts	ERROR	Background refresh of initial profile failed: {"error":{},"errorString":"[Exception... \"NS_ERROR_UNKNOWN_HOST\"  nsresult: \"0x804b001e (NS_ERROR_UNKNOWN_HOST)\"  location: \"JS frame :: resource://services-common/rest.sys.mjs :: onStopRequest :: line 478\"  data: no]","message":null,"code":null,"errno":null}
1713011744862	FirefoxAccounts	ERROR	Background refresh of initial profile failed: {"error":{},"errorString":"[Exception... \"NS_ERROR_UNKNOWN_HOST\"  nsresult: \"0x804b001e (NS_ERROR_UNKNOWN_HOST)\"  location: \"JS frame :: resource://services-common/rest.sys.mjs :: onStopRequest :: line 478\"  data: no]","message":null,"code":null,"errno":null}
1713011744862	FirefoxAccounts	ERROR	Background refresh of initial profile failed: {"error":{},"errorString":"[Exception... \"NS_ERROR_UNKNOWN_HOST\"  nsresult: \"0x804b001e (NS_ERROR_UNKNOWN_HOST)\"  location: \"JS frame :: resource://services-common/rest.sys.mjs :: onStopRequest :: line 478\"  data: no]","message":null,"code":null,"errno":null}
1713011744862	FirefoxAccounts	ERROR	Background refresh of initial profile failed: {"error":{},"errorString":"[Exception... \"NS_ERROR_UNKNOWN_HOST\"  nsresult: \"0x804b001e (NS_ERROR_UNKNOWN_HOST)\"  location: \"JS frame :: resource://services-common/rest.sys.mjs :: onStopRequest :: line 478\"  data: no]","message":null,"code":null,"errno":null}
1713011744862	FirefoxAccounts	ERROR	Background refresh of initial profile failed: {"error":{},"errorString":"[Exception... \"NS_ERROR_UNKNOWN_HOST\"  nsresult: \"0x804b001e (NS_ERROR_UNKNOWN_HOST)\"  location: \"JS frame :: resource://services-common/rest.sys.mjs :: onStopRequest :: line 478\"  data: no]","message":null,"code":null,"errno":null}
1713011744862	FirefoxAccounts	ERROR	Background refresh of initial profile failed: {"error":{},"errorString":"[Exception... \"NS_ERROR_UNKNOWN_HOST\"  nsresult: \"0x804b001e (NS_ERROR_UNKNOWN_HOST)\"  location: \"JS frame :: resource://services-common/rest.sys.mjs :: onStopRequest :: line 478\"  data: no]","message":null,"code":null,"errno":null}
console.error: "Sync encountered an error - see about:sync-log for the log file."
1713015344839	Sync.SyncScheduler	ERROR	Fetching missed remote commands failed.: Error: No device registration.(resource://gre/modules/FxAccountsCommands.sys.mjs:104:15) JS Stack trace: pollDeviceCommands/<@FxAccountsCommands.sys.mjs:104:15
1713015344922	FirefoxAccounts	ERROR	error POSTing /oauth/token: {"error":{},"errorString":"[Exception... \"NS_ERROR_UNKNOWN_HOST\"  nsresult: \"0x804b001e (NS_ERROR_UNKNOWN_HOST)\"  location: \"JS frame :: resource://services-common/rest.sys.mjs :: onStopRequest :: line 478\"  data: no]","message":null,"code":null,"errno":null}
1713015344922	FirefoxAccounts	ERROR	Background refresh of initial profile failed: {"error":{},"errorString":"[Exception... \"NS_ERROR_UNKNOWN_HOST\"  nsresult: \"0x804b001e (NS_ERROR_UNKNOWN_HOST)\"  location: \"JS frame :: resource://services-common/rest.sys.mjs :: onStopRequest :: line 478\"  data: no]","message":null,"code":null,"errno":null}
1713015344922	FirefoxAccounts	ERROR	Background refresh of initial profile failed: {"error":{},"errorString":"[Exception... \"NS_ERROR_UNKNOWN_HOST\"  nsresult: \"0x804b001e (NS_ERROR_UNKNOWN_HOST)\"  location: \"JS frame :: resource://services-common/rest.sys.mjs :: onStopRequest :: line 478\"  data: no]","message":null,"code":null,"errno":null}
1713015344924	FirefoxAccounts	ERROR	error POSTing /account/scoped-key-data: {"error":{},"errorString":"[Exception... \"NS_ERROR_UNKNOWN_HOST\"  nsresult: \"0x804b001e (NS_ERROR_UNKNOWN_HOST)\"  location: \"JS frame :: resource://services-common/rest.sys.mjs :: onStopRequest :: line 478\"  data: no]","message":null,"code":null,"errno":null}
1713015344924	Sync.SyncAuthManager	ERROR	Non-authentication error in _fetchTokenForUser: {"error":{},"errorString":"[Exception... \"NS_ERROR_UNKNOWN_HOST\"  nsresult: \"0x804b001e (NS_ERROR_UNKNOWN_HOST)\"  location: \"JS frame :: resource://services-common/rest.sys.mjs :: onStopRequest :: line 478\"  data: no]","message":null,"code":null,"errno":null}
1713015344926	Sync.ErrorHandler	ERROR	Sync encountered a login error
1713015344970	FirefoxAccounts	ERROR	error GETing /account/devices?filterIdleDevicesTimestamp=1711200944953: {"error":{},"errorString":"[Exception... \"NS_ERROR_UNKNOWN_HOST\"  nsresult: \"0x804b001e (NS_ERROR_UNKNOWN_HOST)\"  location: \"JS frame :: resource://services-common/rest.sys.mjs :: onStopRequest :: line 478\"  data: no]","message":null,"code":null,"errno":null}
1713015344970	Sync.Browser	ERROR	Refreshing device list failed.: {"error":{},"errorString":"[Exception... \"NS_ERROR_UNKNOWN_HOST\"  nsresult: \"0x804b001e (NS_ERROR_UNKNOWN_HOST)\"  location: \"JS frame :: resource://services-common/rest.sys.mjs :: onStopRequest :: line 478\"  data: no]","message":null,"code":null,"errno":null}
1713015344970	Sync.Browser	ERROR	Refreshing device list failed.: {"error":{},"errorString":"[Exception... \"NS_ERROR_UNKNOWN_HOST\"  nsresult: \"0x804b001e (NS_ERROR_UNKNOWN_HOST)\"  location: \"JS frame :: resource://services-common/rest.sys.mjs :: onStopRequest :: line 478\"  data: no]","message":null,"code":null,"errno":null}
1713015344970	Sync.Browser	ERROR	Refreshing device list failed.: {"error":{},"errorString":"[Exception... \"NS_ERROR_UNKNOWN_HOST\"  nsresult: \"0x804b001e (NS_ERROR_UNKNOWN_HOST)\"  location: \"JS frame :: resource://services-common/rest.sys.mjs :: onStopRequest :: line 478\"  data: no]","message":null,"code":null,"errno":null}
1713015344971	Sync.Browser	ERROR	Refreshing device list failed.: {"error":{},"errorString":"[Exception... \"NS_ERROR_UNKNOWN_HOST\"  nsresult: \"0x804b001e (NS_ERROR_UNKNOWN_HOST)\"  location: \"JS frame :: resource://services-common/rest.sys.mjs :: onStopRequest :: line 478\"  data: no]","message":null,"code":null,"errno":null}
1713015344973	FirefoxAccounts	ERROR	error POSTing /oauth/token: {"error":{},"errorString":"[Exception... \"NS_ERROR_UNKNOWN_HOST\"  nsresult: \"0x804b001e (NS_ERROR_UNKNOWN_HOST)\"  location: \"JS frame :: resource://services-common/rest.sys.mjs :: onStopRequest :: line 478\"  data: no]","message":null,"code":null,"errno":null}
1713015344974	FirefoxAccounts	ERROR	Background refresh of initial profile failed: {"error":{},"errorString":"[Exception... \"NS_ERROR_UNKNOWN_HOST\"  nsresult: \"0x804b001e (NS_ERROR_UNKNOWN_HOST)\"  location: \"JS frame :: resource://services-common/rest.sys.mjs :: onStopRequest :: line 478\"  data: no]","message":null,"code":null,"errno":null}
1713015344974	FirefoxAccounts	ERROR	Background refresh of initial profile failed: {"error":{},"errorString":"[Exception... \"NS_ERROR_UNKNOWN_HOST\"  nsresult: \"0x804b001e (NS_ERROR_UNKNOWN_HOST)\"  location: \"JS frame :: resource://services-common/rest.sys.mjs :: onStopRequest :: line 478\"  data: no]","message":null,"code":null,"errno":null}
1713015344974	FirefoxAccounts	ERROR	Background refresh of initial profile failed: {"error":{},"errorString":"[Exception... \"NS_ERROR_UNKNOWN_HOST\"  nsresult: \"0x804b001e (NS_ERROR_UNKNOWN_HOST)\"  location: \"JS frame :: resource://services-common/rest.sys.mjs :: onStopRequest :: line 478\"  data: no]","message":null,"code":null,"errno":null}
1713015344974	FirefoxAccounts	ERROR	Background refresh of initial profile failed: {"error":{},"errorString":"[Exception... \"NS_ERROR_UNKNOWN_HOST\"  nsresult: \"0x804b001e (NS_ERROR_UNKNOWN_HOST)\"  location: \"JS frame :: resource://services-common/rest.sys.mjs :: onStopRequest :: line 478\"  data: no]","message":null,"code":null,"errno":null}
1713015344974	FirefoxAccounts	ERROR	Background refresh of initial profile failed: {"error":{},"errorString":"[Exception... \"NS_ERROR_UNKNOWN_HOST\"  nsresult: \"0x804b001e (NS_ERROR_UNKNOWN_HOST)\"  location: \"JS frame :: resource://services-common/rest.sys.mjs :: onStopRequest :: line 478\"  data: no]","message":null,"code":null,"errno":null}
1713015344974	FirefoxAccounts	ERROR	Background refresh of initial profile failed: {"error":{},"errorString":"[Exception... \"NS_ERROR_UNKNOWN_HOST\"  nsresult: \"0x804b001e (NS_ERROR_UNKNOWN_HOST)\"  location: \"JS frame :: resource://services-common/rest.sys.mjs :: onStopRequest :: line 478\"  data: no]","message":null,"code":null,"errno":null}
console.error: "Sync encountered an error - see about:sync-log for the log file."
1713018949820	Sync.SyncScheduler	ERROR	Fetching missed remote commands failed.: Error: No device registration.(resource://gre/modules/FxAccountsCommands.sys.mjs:104:15) JS Stack trace: pollDeviceCommands/<@FxAccountsCommands.sys.mjs:104:15
1713018949837	FirefoxAccounts	ERROR	error POSTing /oauth/token: {"error":{},"errorString":"[Exception... \"NS_ERROR_UNKNOWN_HOST\"  nsresult: \"0x804b001e (NS_ERROR_UNKNOWN_HOST)\"  location: \"JS frame :: resource://services-common/rest.sys.mjs :: onStopRequest :: line 478\"  data: no]","message":null,"code":null,"errno":null}
1713018949837	FirefoxAccounts	ERROR	Background refresh of initial profile failed: {"error":{},"errorString":"[Exception... \"NS_ERROR_UNKNOWN_HOST\"  nsresult: \"0x804b001e (NS_ERROR_UNKNOWN_HOST)\"  location: \"JS frame :: resource://services-common/rest.sys.mjs :: onStopRequest :: line 478\"  data: no]","message":null,"code":null,"errno":null}
1713018949837	FirefoxAccounts	ERROR	Background refresh of initial profile failed: {"error":{},"errorString":"[Exception... \"NS_ERROR_UNKNOWN_HOST\"  nsresult: \"0x804b001e (NS_ERROR_UNKNOWN_HOST)\"  location: \"JS frame :: resource://services-common/rest.sys.mjs :: onStopRequest :: line 478\"  data: no]","message":null,"code":null,"errno":null}
1713018949841	FirefoxAccounts	ERROR	error POSTing /account/scoped-key-data: {"error":{},"errorString":"[Exception... \"NS_ERROR_UNKNOWN_HOST\"  nsresult: \"0x804b001e (NS_ERROR_UNKNOWN_HOST)\"  location: \"JS frame :: resource://services-common/rest.sys.mjs :: onStopRequest :: line 478\"  data: no]","message":null,"code":null,"errno":null}
1713018949842	Sync.SyncAuthManager	ERROR	Non-authentication error in _fetchTokenForUser: {"error":{},"errorString":"[Exception... \"NS_ERROR_UNKNOWN_HOST\"  nsresult: \"0x804b001e (NS_ERROR_UNKNOWN_HOST)\"  location: \"JS frame :: resource://services-common/rest.sys.mjs :: onStopRequest :: line 478\"  data: no]","message":null,"code":null,"errno":null}
1713018949843	Sync.ErrorHandler	ERROR	Sync encountered a login error
1713018949859	FirefoxAccounts	ERROR	error GETing /account/devices?filterIdleDevicesTimestamp=1711204549853: {"error":{},"errorString":"[Exception... \"NS_ERROR_UNKNOWN_HOST\"  nsresult: \"0x804b001e (NS_ERROR_UNKNOWN_HOST)\"  location: \"JS frame :: resource://services-common/rest.sys.mjs :: onStopRequest :: line 478\"  data: no]","message":null,"code":null,"errno":null}
1713018949860	Sync.Browser	ERROR	Refreshing device list failed.: {"error":{},"errorString":"[Exception... \"NS_ERROR_UNKNOWN_HOST\"  nsresult: \"0x804b001e (NS_ERROR_UNKNOWN_HOST)\"  location: \"JS frame :: resource://services-common/rest.sys.mjs :: onStopRequest :: line 478\"  data: no]","message":null,"code":null,"errno":null}
1713018949860	Sync.Browser	ERROR	Refreshing device list failed.: {"error":{},"errorString":"[Exception... \"NS_ERROR_UNKNOWN_HOST\"  nsresult: \"0x804b001e (NS_ERROR_UNKNOWN_HOST)\"  location: \"JS frame :: resource://services-common/rest.sys.mjs :: onStopRequest :: line 478\"  data: no]","message":null,"code":null,"errno":null}
1713018949860	Sync.Browser	ERROR	Refreshing device list failed.: {"error":{},"errorString":"[Exception... \"NS_ERROR_UNKNOWN_HOST\"  nsresult: \"0x804b001e (NS_ERROR_UNKNOWN_HOST)\"  location: \"JS frame :: resource://services-common/rest.sys.mjs :: onStopRequest :: line 478\"  data: no]","message":null,"code":null,"errno":null}
1713018949860	Sync.Browser	ERROR	Refreshing device list failed.: {"error":{},"errorString":"[Exception... \"NS_ERROR_UNKNOWN_HOST\"  nsresult: \"0x804b001e (NS_ERROR_UNKNOWN_HOST)\"  location: \"JS frame :: resource://services-common/rest.sys.mjs :: onStopRequest :: line 478\"  data: no]","message":null,"code":null,"errno":null}
1713018949861	FirefoxAccounts	ERROR	error POSTing /oauth/token: {"error":{},"errorString":"[Exception... \"NS_ERROR_UNKNOWN_HOST\"  nsresult: \"0x804b001e (NS_ERROR_UNKNOWN_HOST)\"  location: \"JS frame :: resource://services-common/rest.sys.mjs :: onStopRequest :: line 478\"  data: no]","message":null,"code":null,"errno":null}
1713018949861	FirefoxAccounts	ERROR	Background refresh of initial profile failed: {"error":{},"errorString":"[Exception... \"NS_ERROR_UNKNOWN_HOST\"  nsresult: \"0x804b001e (NS_ERROR_UNKNOWN_HOST)\"  location: \"JS frame :: resource://services-common/rest.sys.mjs :: onStopRequest :: line 478\"  data: no]","message":null,"code":null,"errno":null}
1713018949861	FirefoxAccounts	ERROR	Background refresh of initial profile failed: {"error":{},"errorString":"[Exception... \"NS_ERROR_UNKNOWN_HOST\"  nsresult: \"0x804b001e (NS_ERROR_UNKNOWN_HOST)\"  location: \"JS frame :: resource://services-common/rest.sys.mjs :: onStopRequest :: line 478\"  data: no]","message":null,"code":null,"errno":null}
1713018949861	FirefoxAccounts	ERROR	Background refresh of initial profile failed: {"error":{},"errorString":"[Exception... \"NS_ERROR_UNKNOWN_HOST\"  nsresult: \"0x804b001e (NS_ERROR_UNKNOWN_HOST)\"  location: \"JS frame :: resource://services-common/rest.sys.mjs :: onStopRequest :: line 478\"  data: no]","message":null,"code":null,"errno":null}
1713018949861	FirefoxAccounts	ERROR	Background refresh of initial profile failed: {"error":{},"errorString":"[Exception... \"NS_ERROR_UNKNOWN_HOST\"  nsresult: \"0x804b001e (NS_ERROR_UNKNOWN_HOST)\"  location: \"JS frame :: resource://services-common/rest.sys.mjs :: onStopRequest :: line 478\"  data: no]","message":null,"code":null,"errno":null}
1713018949861	FirefoxAccounts	ERROR	Background refresh of initial profile failed: {"error":{},"errorString":"[Exception... \"NS_ERROR_UNKNOWN_HOST\"  nsresult: \"0x804b001e (NS_ERROR_UNKNOWN_HOST)\"  location: \"JS frame :: resource://services-common/rest.sys.mjs :: onStopRequest :: line 478\"  data: no]","message":null,"code":null,"errno":null}
1713018949861	FirefoxAccounts	ERROR	Background refresh of initial profile failed: {"error":{},"errorString":"[Exception... \"NS_ERROR_UNKNOWN_HOST\"  nsresult: \"0x804b001e (NS_ERROR_UNKNOWN_HOST)\"  location: \"JS frame :: resource://services-common/rest.sys.mjs :: onStopRequest :: line 478\"  data: no]","message":null,"code":null,"errno":null}
console.error: "Sync encountered an error - see about:sync-log for the log file."
1713020758632	Marionette	WARN	Ignoring event 'pageshow' because document has an invalid readyState of 'uninitialized'.
1713021265194	FirefoxAccounts	ERROR	error GETing /account/devices?filterIdleDevicesTimestamp=1711206865140: {"error":{},"errorString":"[Exception... \"NS_ERROR_UNKNOWN_HOST\"  nsresult: \"0x804b001e (NS_ERROR_UNKNOWN_HOST)\"  location: \"JS frame :: resource://services-common/rest.sys.mjs :: onStopRequest :: line 478\"  data: no]","message":null,"code":null,"errno":null}
1713021265195	Sync.Browser	ERROR	Refreshing device list failed.: {"error":{},"errorString":"[Exception... \"NS_ERROR_UNKNOWN_HOST\"  nsresult: \"0x804b001e (NS_ERROR_UNKNOWN_HOST)\"  location: \"JS frame :: resource://services-common/rest.sys.mjs :: onStopRequest :: line 478\"  data: no]","message":null,"code":null,"errno":null}
1713022551374	Sync.SyncScheduler	ERROR	Fetching missed remote commands failed.: Error: No device registration.(resource://gre/modules/FxAccountsCommands.sys.mjs:104:15) JS Stack trace: pollDeviceCommands/<@FxAccountsCommands.sys.mjs:104:15
1713022551392	FirefoxAccounts	ERROR	error POSTing /oauth/token: {"error":{},"errorString":"[Exception... \"NS_ERROR_UNKNOWN_HOST\"  nsresult: \"0x804b001e (NS_ERROR_UNKNOWN_HOST)\"  location: \"JS frame :: resource://services-common/rest.sys.mjs :: onStopRequest :: line 478\"  data: no]","message":null,"code":null,"errno":null}
1713022551393	FirefoxAccounts	ERROR	Background refresh of initial profile failed: {"error":{},"errorString":"[Exception... \"NS_ERROR_UNKNOWN_HOST\"  nsresult: \"0x804b001e (NS_ERROR_UNKNOWN_HOST)\"  location: \"JS frame :: resource://services-common/rest.sys.mjs :: onStopRequest :: line 478\"  data: no]","message":null,"code":null,"errno":null}
1713022551393	FirefoxAccounts	ERROR	Background refresh of initial profile failed: {"error":{},"errorString":"[Exception... \"NS_ERROR_UNKNOWN_HOST\"  nsresult: \"0x804b001e (NS_ERROR_UNKNOWN_HOST)\"  location: \"JS frame :: resource://services-common/rest.sys.mjs :: onStopRequest :: line 478\"  data: no]","message":null,"code":null,"errno":null}
1713022551397	FirefoxAccounts	ERROR	error POSTing /account/scoped-key-data: {"error":{},"errorString":"[Exception... \"NS_ERROR_UNKNOWN_HOST\"  nsresult: \"0x804b001e (NS_ERROR_UNKNOWN_HOST)\"  location: \"JS frame :: resource://services-common/rest.sys.mjs :: onStopRequest :: line 478\"  data: no]","message":null,"code":null,"errno":null}
1713022551397	Sync.SyncAuthManager	ERROR	Non-authentication error in _fetchTokenForUser: {"error":{},"errorString":"[Exception... \"NS_ERROR_UNKNOWN_HOST\"  nsresult: \"0x804b001e (NS_ERROR_UNKNOWN_HOST)\"  location: \"JS frame :: resource://services-common/rest.sys.mjs :: onStopRequest :: line 478\"  data: no]","message":null,"code":null,"errno":null}
1713022551398	Sync.ErrorHandler	ERROR	Sync encountered a login error
1713022551423	FirefoxAccounts	ERROR	error GETing /account/devices?filterIdleDevicesTimestamp=1711208151415: {"error":{},"errorString":"[Exception... \"NS_ERROR_UNKNOWN_HOST\"  nsresult: \"0x804b001e (NS_ERROR_UNKNOWN_HOST)\"  location: \"JS frame :: resource://services-common/rest.sys.mjs :: onStopRequest :: line 478\"  data: no]","message":null,"code":null,"errno":null}
1713022551423	Sync.Browser	ERROR	Refreshing device list failed.: {"error":{},"errorString":"[Exception... \"NS_ERROR_UNKNOWN_HOST\"  nsresult: \"0x804b001e (NS_ERROR_UNKNOWN_HOST)\"  location: \"JS frame :: resource://services-common/rest.sys.mjs :: onStopRequest :: line 478\"  data: no]","message":null,"code":null,"errno":null}
1713022551423	Sync.Browser	ERROR	Refreshing device list failed.: {"error":{},"errorString":"[Exception... \"NS_ERROR_UNKNOWN_HOST\"  nsresult: \"0x804b001e (NS_ERROR_UNKNOWN_HOST)\"  location: \"JS frame :: resource://services-common/rest.sys.mjs :: onStopRequest :: line 478\"  data: no]","message":null,"code":null,"errno":null}
1713022551425	FirefoxAccounts	ERROR	error POSTing /oauth/token: {"error":{},"errorString":"[Exception... \"NS_ERROR_UNKNOWN_HOST\"  nsresult: \"0x804b001e (NS_ERROR_UNKNOWN_HOST)\"  location: \"JS frame :: resource://services-common/rest.sys.mjs :: onStopRequest :: line 478\"  data: no]","message":null,"code":null,"errno":null}
1713022551425	FirefoxAccounts	ERROR	Background refresh of initial profile failed: {"error":{},"errorString":"[Exception... \"NS_ERROR_UNKNOWN_HOST\"  nsresult: \"0x804b001e (NS_ERROR_UNKNOWN_HOST)\"  location: \"JS frame :: resource://services-common/rest.sys.mjs :: onStopRequest :: line 478\"  data: no]","message":null,"code":null,"errno":null}
1713022551425	FirefoxAccounts	ERROR	Background refresh of initial profile failed: {"error":{},"errorString":"[Exception... \"NS_ERROR_UNKNOWN_HOST\"  nsresult: \"0x804b001e (NS_ERROR_UNKNOWN_HOST)\"  location: \"JS frame :: resource://services-common/rest.sys.mjs :: onStopRequest :: line 478\"  data: no]","message":null,"code":null,"errno":null}
1713022551425	FirefoxAccounts	ERROR	Background refresh of initial profile failed: {"error":{},"errorString":"[Exception... \"NS_ERROR_UNKNOWN_HOST\"  nsresult: \"0x804b001e (NS_ERROR_UNKNOWN_HOST)\"  location: \"JS frame :: resource://services-common/rest.sys.mjs :: onStopRequest :: line 478\"  data: no]","message":null,"code":null,"errno":null}
1713022551425	FirefoxAccounts	ERROR	Background refresh of initial profile failed: {"error":{},"errorString":"[Exception... \"NS_ERROR_UNKNOWN_HOST\"  nsresult: \"0x804b001e (NS_ERROR_UNKNOWN_HOST)\"  location: \"JS frame :: resource://services-common/rest.sys.mjs :: onStopRequest :: line 478\"  data: no]","message":null,"code":null,"errno":null}
1713022551425	FirefoxAccounts	ERROR	Background refresh of initial profile failed: {"error":{},"errorString":"[Exception... \"NS_ERROR_UNKNOWN_HOST\"  nsresult: \"0x804b001e (NS_ERROR_UNKNOWN_HOST)\"  location: \"JS frame :: resource://services-common/rest.sys.mjs :: onStopRequest :: line 478\"  data: no]","message":null,"code":null,"errno":null}
1713022551425	FirefoxAccounts	ERROR	Background refresh of initial profile failed: {"error":{},"errorString":"[Exception... \"NS_ERROR_UNKNOWN_HOST\"  nsresult: \"0x804b001e (NS_ERROR_UNKNOWN_HOST)\"  location: \"JS frame :: resource://services-common/rest.sys.mjs :: onStopRequest :: line 478\"  data: no]","message":null,"code":null,"errno":null}
console.error: "Sync encountered an error - see about:sync-log for the log file."
1713022925626	FirefoxAccounts	ERROR	error GETing /account/devices?filterIdleDevicesTimestamp=1711208525579: {"error":{},"errorString":"[Exception... \"NS_ERROR_UNKNOWN_HOST\"  nsresult: \"0x804b001e (NS_ERROR_UNKNOWN_HOST)\"  location: \"JS frame :: resource://services-common/rest.sys.mjs :: onStopRequest :: line 478\"  data: no]","message":null,"code":null,"errno":null}
1713022925626	Sync.Browser	ERROR	Refreshing device list failed.: {"error":{},"errorString":"[Exception... \"NS_ERROR_UNKNOWN_HOST\"  nsresult: \"0x804b001e (NS_ERROR_UNKNOWN_HOST)\"  location: \"JS frame :: resource://services-common/rest.sys.mjs :: onStopRequest :: line 478\"  data: no]","message":null,"code":null,"errno":null}
1713023687674	FirefoxAccounts	ERROR	error GETing /account/devices?filterIdleDevicesTimestamp=1711209287618: {"error":{},"errorString":"[Exception... \"NS_ERROR_UNKNOWN_HOST\"  nsresult: \"0x804b001e (NS_ERROR_UNKNOWN_HOST)\"  location: \"JS frame :: resource://services-common/rest.sys.mjs :: onStopRequest :: line 478\"  data: no]","message":null,"code":null,"errno":null}
1713023687675	Sync.Browser	ERROR	Refreshing device list failed.: {"error":{},"errorString":"[Exception... \"NS_ERROR_UNKNOWN_HOST\"  nsresult: \"0x804b001e (NS_ERROR_UNKNOWN_HOST)\"  location: \"JS frame :: resource://services-common/rest.sys.mjs :: onStopRequest :: line 478\"  data: no]","message":null,"code":null,"errno":null}
1713026151672	Sync.SyncScheduler	ERROR	Fetching missed remote commands failed.: Error: No device registration.(resource://gre/modules/FxAccountsCommands.sys.mjs:104:15) JS Stack trace: pollDeviceCommands/<@FxAccountsCommands.sys.mjs:104:15
1713026151687	FirefoxAccounts	ERROR	error POSTing /oauth/token: {"error":{},"errorString":"[Exception... \"NS_ERROR_UNKNOWN_HOST\"  nsresult: \"0x804b001e (NS_ERROR_UNKNOWN_HOST)\"  location: \"JS frame :: resource://services-common/rest.sys.mjs :: onStopRequest :: line 478\"  data: no]","message":null,"code":null,"errno":null}
1713026151687	FirefoxAccounts	ERROR	Background refresh of initial profile failed: {"error":{},"errorString":"[Exception... \"NS_ERROR_UNKNOWN_HOST\"  nsresult: \"0x804b001e (NS_ERROR_UNKNOWN_HOST)\"  location: \"JS frame :: resource://services-common/rest.sys.mjs :: onStopRequest :: line 478\"  data: no]","message":null,"code":null,"errno":null}
1713026151687	FirefoxAccounts	ERROR	Background refresh of initial profile failed: {"error":{},"errorString":"[Exception... \"NS_ERROR_UNKNOWN_HOST\"  nsresult: \"0x804b001e (NS_ERROR_UNKNOWN_HOST)\"  location: \"JS frame :: resource://services-common/rest.sys.mjs :: onStopRequest :: line 478\"  data: no]","message":null,"code":null,"errno":null}
1713026151689	FirefoxAccounts	ERROR	error POSTing /account/scoped-key-data: {"error":{},"errorString":"[Exception... \"NS_ERROR_UNKNOWN_HOST\"  nsresult: \"0x804b001e (NS_ERROR_UNKNOWN_HOST)\"  location: \"JS frame :: resource://services-common/rest.sys.mjs :: onStopRequest :: line 478\"  data: no]","message":null,"code":null,"errno":null}
1713026151689	Sync.SyncAuthManager	ERROR	Non-authentication error in _fetchTokenForUser: {"error":{},"errorString":"[Exception... \"NS_ERROR_UNKNOWN_HOST\"  nsresult: \"0x804b001e (NS_ERROR_UNKNOWN_HOST)\"  location: \"JS frame :: resource://services-common/rest.sys.mjs :: onStopRequest :: line 478\"  data: no]","message":null,"code":null,"errno":null}
1713026151690	Sync.ErrorHandler	ERROR	Sync encountered a login error
1713026151719	FirefoxAccounts	ERROR	error GETing /account/devices?filterIdleDevicesTimestamp=1711211751711: {"error":{},"errorString":"[Exception... \"NS_ERROR_UNKNOWN_HOST\"  nsresult: \"0x804b001e (NS_ERROR_UNKNOWN_HOST)\"  location: \"JS frame :: resource://services-common/rest.sys.mjs :: onStopRequest :: line 478\"  data: no]","message":null,"code":null,"errno":null}
1713026151719	Sync.Browser	ERROR	Refreshing device list failed.: {"error":{},"errorString":"[Exception... \"NS_ERROR_UNKNOWN_HOST\"  nsresult: \"0x804b001e (NS_ERROR_UNKNOWN_HOST)\"  location: \"JS frame :: resource://services-common/rest.sys.mjs :: onStopRequest :: line 478\"  data: no]","message":null,"code":null,"errno":null}
1713026151719	Sync.Browser	ERROR	Refreshing device list failed.: {"error":{},"errorString":"[Exception... \"NS_ERROR_UNKNOWN_HOST\"  nsresult: \"0x804b001e (NS_ERROR_UNKNOWN_HOST)\"  location: \"JS frame :: resource://services-common/rest.sys.mjs :: onStopRequest :: line 478\"  data: no]","message":null,"code":null,"errno":null}
1713026151719	Sync.Browser	ERROR	Refreshing device list failed.: {"error":{},"errorString":"[Exception... \"NS_ERROR_UNKNOWN_HOST\"  nsresult: \"0x804b001e (NS_ERROR_UNKNOWN_HOST)\"  location: \"JS frame :: resource://services-common/rest.sys.mjs :: onStopRequest :: line 478\"  data: no]","message":null,"code":null,"errno":null}
1713026151719	Sync.Browser	ERROR	Refreshing device list failed.: {"error":{},"errorString":"[Exception... \"NS_ERROR_UNKNOWN_HOST\"  nsresult: \"0x804b001e (NS_ERROR_UNKNOWN_HOST)\"  location: \"JS frame :: resource://services-common/rest.sys.mjs :: onStopRequest :: line 478\"  data: no]","message":null,"code":null,"errno":null}
1713026151720	FirefoxAccounts	ERROR	error POSTing /oauth/token: {"error":{},"errorString":"[Exception... \"NS_ERROR_UNKNOWN_HOST\"  nsresult: \"0x804b001e (NS_ERROR_UNKNOWN_HOST)\"  location: \"JS frame :: resource://services-common/rest.sys.mjs :: onStopRequest :: line 478\"  data: no]","message":null,"code":null,"errno":null}
1713026151721	FirefoxAccounts	ERROR	Background refresh of initial profile failed: {"error":{},"errorString":"[Exception... \"NS_ERROR_UNKNOWN_HOST\"  nsresult: \"0x804b001e (NS_ERROR_UNKNOWN_HOST)\"  location: \"JS frame :: resource://services-common/rest.sys.mjs :: onStopRequest :: line 478\"  data: no]","message":null,"code":null,"errno":null}
1713026151721	FirefoxAccounts	ERROR	Background refresh of initial profile failed: {"error":{},"errorString":"[Exception... \"NS_ERROR_UNKNOWN_HOST\"  nsresult: \"0x804b001e (NS_ERROR_UNKNOWN_HOST)\"  location: \"JS frame :: resource://services-common/rest.sys.mjs :: onStopRequest :: line 478\"  data: no]","message":null,"code":null,"errno":null}
1713026151721	FirefoxAccounts	ERROR	Background refresh of initial profile failed: {"error":{},"errorString":"[Exception... \"NS_ERROR_UNKNOWN_HOST\"  nsresult: \"0x804b001e (NS_ERROR_UNKNOWN_HOST)\"  location: \"JS frame :: resource://services-common/rest.sys.mjs :: onStopRequest :: line 478\"  data: no]","message":null,"code":null,"errno":null}
1713026151721	FirefoxAccounts	ERROR	Background refresh of initial profile failed: {"error":{},"errorString":"[Exception... \"NS_ERROR_UNKNOWN_HOST\"  nsresult: \"0x804b001e (NS_ERROR_UNKNOWN_HOST)\"  location: \"JS frame :: resource://services-common/rest.sys.mjs :: onStopRequest :: line 478\"  data: no]","message":null,"code":null,"errno":null}
1713026151721	FirefoxAccounts	ERROR	Background refresh of initial profile failed: {"error":{},"errorString":"[Exception... \"NS_ERROR_UNKNOWN_HOST\"  nsresult: \"0x804b001e (NS_ERROR_UNKNOWN_HOST)\"  location: \"JS frame :: resource://services-common/rest.sys.mjs :: onStopRequest :: line 478\"  data: no]","message":null,"code":null,"errno":null}
1713026151721	FirefoxAccounts	ERROR	Background refresh of initial profile failed: {"error":{},"errorString":"[Exception... \"NS_ERROR_UNKNOWN_HOST\"  nsresult: \"0x804b001e (NS_ERROR_UNKNOWN_HOST)\"  location: \"JS frame :: resource://services-common/rest.sys.mjs :: onStopRequest :: line 478\"  data: no]","message":null,"code":null,"errno":null}
console.error: "Sync encountered an error - see about:sync-log for the log file."
1713027775962	FirefoxAccounts	ERROR	error GETing /account/devices?filterIdleDevicesTimestamp=1711213375925: {"error":{},"errorString":"[Exception... \"NS_ERROR_UNKNOWN_HOST\"  nsresult: \"0x804b001e (NS_ERROR_UNKNOWN_HOST)\"  location: \"JS frame :: resource://services-common/rest.sys.mjs :: onStopRequest :: line 478\"  data: no]","message":null,"code":null,"errno":null}
1713027775963	Sync.Browser	ERROR	Refreshing device list failed.: {"error":{},"errorString":"[Exception... \"NS_ERROR_UNKNOWN_HOST\"  nsresult: \"0x804b001e (NS_ERROR_UNKNOWN_HOST)\"  location: \"JS frame :: resource://services-common/rest.sys.mjs :: onStopRequest :: line 478\"  data: no]","message":null,"code":null,"errno":null}
1713029751729	Sync.SyncScheduler	ERROR	Fetching missed remote commands failed.: Error: No device registration.(resource://gre/modules/FxAccountsCommands.sys.mjs:104:15) JS Stack trace: pollDeviceCommands/<@FxAccountsCommands.sys.mjs:104:15
1713029751749	FirefoxAccounts	ERROR	error POSTing /oauth/token: {"error":{},"errorString":"[Exception... \"NS_ERROR_UNKNOWN_HOST\"  nsresult: \"0x804b001e (NS_ERROR_UNKNOWN_HOST)\"  location: \"JS frame :: resource://services-common/rest.sys.mjs :: onStopRequest :: line 478\"  data: no]","message":null,"code":null,"errno":null}
1713029751749	FirefoxAccounts	ERROR	Background refresh of initial profile failed: {"error":{},"errorString":"[Exception... \"NS_ERROR_UNKNOWN_HOST\"  nsresult: \"0x804b001e (NS_ERROR_UNKNOWN_HOST)\"  location: \"JS frame :: resource://services-common/rest.sys.mjs :: onStopRequest :: line 478\"  data: no]","message":null,"code":null,"errno":null}
1713029751749	FirefoxAccounts	ERROR	Background refresh of initial profile failed: {"error":{},"errorString":"[Exception... \"NS_ERROR_UNKNOWN_HOST\"  nsresult: \"0x804b001e (NS_ERROR_UNKNOWN_HOST)\"  location: \"JS frame :: resource://services-common/rest.sys.mjs :: onStopRequest :: line 478\"  data: no]","message":null,"code":null,"errno":null}
1713029751751	FirefoxAccounts	ERROR	error POSTing /account/scoped-key-data: {"error":{},"errorString":"[Exception... \"NS_ERROR_UNKNOWN_HOST\"  nsresult: \"0x804b001e (NS_ERROR_UNKNOWN_HOST)\"  location: \"JS frame :: resource://services-common/rest.sys.mjs :: onStopRequest :: line 478\"  data: no]","message":null,"code":null,"errno":null}
1713029751751	Sync.SyncAuthManager	ERROR	Non-authentication error in _fetchTokenForUser: {"error":{},"errorString":"[Exception... \"NS_ERROR_UNKNOWN_HOST\"  nsresult: \"0x804b001e (NS_ERROR_UNKNOWN_HOST)\"  location: \"JS frame :: resource://services-common/rest.sys.mjs :: onStopRequest :: line 478\"  data: no]","message":null,"code":null,"errno":null}
1713029751752	Sync.ErrorHandler	ERROR	Sync encountered a login error
1713029751787	FirefoxAccounts	ERROR	error GETing /account/devices?filterIdleDevicesTimestamp=1711215351775: {"error":{},"errorString":"[Exception... \"NS_ERROR_UNKNOWN_HOST\"  nsresult: \"0x804b001e (NS_ERROR_UNKNOWN_HOST)\"  location: \"JS frame :: resource://services-common/rest.sys.mjs :: onStopRequest :: line 478\"  data: no]","message":null,"code":null,"errno":null}
1713029751787	Sync.Browser	ERROR	Refreshing device list failed.: {"error":{},"errorString":"[Exception... \"NS_ERROR_UNKNOWN_HOST\"  nsresult: \"0x804b001e (NS_ERROR_UNKNOWN_HOST)\"  location: \"JS frame :: resource://services-common/rest.sys.mjs :: onStopRequest :: line 478\"  data: no]","message":null,"code":null,"errno":null}
1713029751787	Sync.Browser	ERROR	Refreshing device list failed.: {"error":{},"errorString":"[Exception... \"NS_ERROR_UNKNOWN_HOST\"  nsresult: \"0x804b001e (NS_ERROR_UNKNOWN_HOST)\"  location: \"JS frame :: resource://services-common/rest.sys.mjs :: onStopRequest :: line 478\"  data: no]","message":null,"code":null,"errno":null}
1713029751787	Sync.Browser	ERROR	Refreshing device list failed.: {"error":{},"errorString":"[Exception... \"NS_ERROR_UNKNOWN_HOST\"  nsresult: \"0x804b001e (NS_ERROR_UNKNOWN_HOST)\"  location: \"JS frame :: resource://services-common/rest.sys.mjs :: onStopRequest :: line 478\"  data: no]","message":null,"code":null,"errno":null}
1713029751787	Sync.Browser	ERROR	Refreshing device list failed.: {"error":{},"errorString":"[Exception... \"NS_ERROR_UNKNOWN_HOST\"  nsresult: \"0x804b001e (NS_ERROR_UNKNOWN_HOST)\"  location: \"JS frame :: resource://services-common/rest.sys.mjs :: onStopRequest :: line 478\"  data: no]","message":null,"code":null,"errno":null}
1713029751789	FirefoxAccounts	ERROR	error POSTing /oauth/token: {"error":{},"errorString":"[Exception... \"NS_ERROR_UNKNOWN_HOST\"  nsresult: \"0x804b001e (NS_ERROR_UNKNOWN_HOST)\"  location: \"JS frame :: resource://services-common/rest.sys.mjs :: onStopRequest :: line 478\"  data: no]","message":null,"code":null,"errno":null}
1713029751789	FirefoxAccounts	ERROR	Background refresh of initial profile failed: {"error":{},"errorString":"[Exception... \"NS_ERROR_UNKNOWN_HOST\"  nsresult: \"0x804b001e (NS_ERROR_UNKNOWN_HOST)\"  location: \"JS frame :: resource://services-common/rest.sys.mjs :: onStopRequest :: line 478\"  data: no]","message":null,"code":null,"errno":null}
1713029751789	FirefoxAccounts	ERROR	Background refresh of initial profile failed: {"error":{},"errorString":"[Exception... \"NS_ERROR_UNKNOWN_HOST\"  nsresult: \"0x804b001e (NS_ERROR_UNKNOWN_HOST)\"  location: \"JS frame :: resource://services-common/rest.sys.mjs :: onStopRequest :: line 478\"  data: no]","message":null,"code":null,"errno":null}
1713029751789	FirefoxAccounts	ERROR	Background refresh of initial profile failed: {"error":{},"errorString":"[Exception... \"NS_ERROR_UNKNOWN_HOST\"  nsresult: \"0x804b001e (NS_ERROR_UNKNOWN_HOST)\"  location: \"JS frame :: resource://services-common/rest.sys.mjs :: onStopRequest :: line 478\"  data: no]","message":null,"code":null,"errno":null}
1713029751789	FirefoxAccounts	ERROR	Background refresh of initial profile failed: {"error":{},"errorString":"[Exception... \"NS_ERROR_UNKNOWN_HOST\"  nsresult: \"0x804b001e (NS_ERROR_UNKNOWN_HOST)\"  location: \"JS frame :: resource://services-common/rest.sys.mjs :: onStopRequest :: line 478\"  data: no]","message":null,"code":null,"errno":null}
1713029751789	FirefoxAccounts	ERROR	Background refresh of initial profile failed: {"error":{},"errorString":"[Exception... \"NS_ERROR_UNKNOWN_HOST\"  nsresult: \"0x804b001e (NS_ERROR_UNKNOWN_HOST)\"  location: \"JS frame :: resource://services-common/rest.sys.mjs :: onStopRequest :: line 478\"  data: no]","message":null,"code":null,"errno":null}
1713029751789	FirefoxAccounts	ERROR	Background refresh of initial profile failed: {"error":{},"errorString":"[Exception... \"NS_ERROR_UNKNOWN_HOST\"  nsresult: \"0x804b001e (NS_ERROR_UNKNOWN_HOST)\"  location: \"JS frame :: resource://services-common/rest.sys.mjs :: onStopRequest :: line 478\"  data: no]","message":null,"code":null,"errno":null}
console.error: "Sync encountered an error - see about:sync-log for the log file."
JavaScript error: , line 0: NotFoundError: No such JSWindowActor 'DevToolsFrame'
JavaScript error: , line 0: NotFoundError: No such JSWindowActor 'DevToolsFrame'
1713033355513	Sync.SyncScheduler	ERROR	Fetching missed remote commands failed.: Error: No device registration.(resource://gre/modules/FxAccountsCommands.sys.mjs:104:15) JS Stack trace: pollDeviceCommands/<@FxAccountsCommands.sys.mjs:104:15
1713033355529	FirefoxAccounts	ERROR	error POSTing /oauth/token: {"error":{},"errorString":"[Exception... \"NS_ERROR_UNKNOWN_HOST\"  nsresult: \"0x804b001e (NS_ERROR_UNKNOWN_HOST)\"  location: \"JS frame :: resource://services-common/rest.sys.mjs :: onStopRequest :: line 478\"  data: no]","message":null,"code":null,"errno":null}
1713033355529	FirefoxAccounts	ERROR	Background refresh of initial profile failed: {"error":{},"errorString":"[Exception... \"NS_ERROR_UNKNOWN_HOST\"  nsresult: \"0x804b001e (NS_ERROR_UNKNOWN_HOST)\"  location: \"JS frame :: resource://services-common/rest.sys.mjs :: onStopRequest :: line 478\"  data: no]","message":null,"code":null,"errno":null}
1713033355529	FirefoxAccounts	ERROR	Background refresh of initial profile failed: {"error":{},"errorString":"[Exception... \"NS_ERROR_UNKNOWN_HOST\"  nsresult: \"0x804b001e (NS_ERROR_UNKNOWN_HOST)\"  location: \"JS frame :: resource://services-common/rest.sys.mjs :: onStopRequest :: line 478\"  data: no]","message":null,"code":null,"errno":null}
1713033355531	FirefoxAccounts	ERROR	error POSTing /account/scoped-key-data: {"error":{},"errorString":"[Exception... \"NS_ERROR_UNKNOWN_HOST\"  nsresult: \"0x804b001e (NS_ERROR_UNKNOWN_HOST)\"  location: \"JS frame :: resource://services-common/rest.sys.mjs :: onStopRequest :: line 478\"  data: no]","message":null,"code":null,"errno":null}
1713033355531	Sync.SyncAuthManager	ERROR	Non-authentication error in _fetchTokenForUser: {"error":{},"errorString":"[Exception... \"NS_ERROR_UNKNOWN_HOST\"  nsresult: \"0x804b001e (NS_ERROR_UNKNOWN_HOST)\"  location: \"JS frame :: resource://services-common/rest.sys.mjs :: onStopRequest :: line 478\"  data: no]","message":null,"code":null,"errno":null}
1713033355533	Sync.ErrorHandler	ERROR	Sync encountered a login error
1713033355565	FirefoxAccounts	ERROR	error GETing /account/devices?filterIdleDevicesTimestamp=1711218955558: {"error":{},"errorString":"[Exception... \"NS_ERROR_UNKNOWN_HOST\"  nsresult: \"0x804b001e (NS_ERROR_UNKNOWN_HOST)\"  location: \"JS frame :: resource://services-common/rest.sys.mjs :: onStopRequest :: line 478\"  data: no]","message":null,"code":null,"errno":null}
1713033355566	Sync.Browser	ERROR	Refreshing device list failed.: {"error":{},"errorString":"[Exception... \"NS_ERROR_UNKNOWN_HOST\"  nsresult: \"0x804b001e (NS_ERROR_UNKNOWN_HOST)\"  location: \"JS frame :: resource://services-common/rest.sys.mjs :: onStopRequest :: line 478\"  data: no]","message":null,"code":null,"errno":null}
1713033355566	Sync.Browser	ERROR	Refreshing device list failed.: {"error":{},"errorString":"[Exception... \"NS_ERROR_UNKNOWN_HOST\"  nsresult: \"0x804b001e (NS_ERROR_UNKNOWN_HOST)\"  location: \"JS frame :: resource://services-common/rest.sys.mjs :: onStopRequest :: line 478\"  data: no]","message":null,"code":null,"errno":null}
1713033355566	Sync.Browser	ERROR	Refreshing device list failed.: {"error":{},"errorString":"[Exception... \"NS_ERROR_UNKNOWN_HOST\"  nsresult: \"0x804b001e (NS_ERROR_UNKNOWN_HOST)\"  location: \"JS frame :: resource://services-common/rest.sys.mjs :: onStopRequest :: line 478\"  data: no]","message":null,"code":null,"errno":null}
1713033355566	Sync.Browser	ERROR	Refreshing device list failed.: {"error":{},"errorString":"[Exception... \"NS_ERROR_UNKNOWN_HOST\"  nsresult: \"0x804b001e (NS_ERROR_UNKNOWN_HOST)\"  location: \"JS frame :: resource://services-common/rest.sys.mjs :: onStopRequest :: line 478\"  data: no]","message":null,"code":null,"errno":null}
1713033355568	FirefoxAccounts	ERROR	error POSTing /oauth/token: {"error":{},"errorString":"[Exception... \"NS_ERROR_UNKNOWN_HOST\"  nsresult: \"0x804b001e (NS_ERROR_UNKNOWN_HOST)\"  location: \"JS frame :: resource://services-common/rest.sys.mjs :: onStopRequest :: line 478\"  data: no]","message":null,"code":null,"errno":null}
1713033355568	FirefoxAccounts	ERROR	Background refresh of initial profile failed: {"error":{},"errorString":"[Exception... \"NS_ERROR_UNKNOWN_HOST\"  nsresult: \"0x804b001e (NS_ERROR_UNKNOWN_HOST)\"  location: \"JS frame :: resource://services-common/rest.sys.mjs :: onStopRequest :: line 478\"  data: no]","message":null,"code":null,"errno":null}
1713033355568	FirefoxAccounts	ERROR	Background refresh of initial profile failed: {"error":{},"errorString":"[Exception... \"NS_ERROR_UNKNOWN_HOST\"  nsresult: \"0x804b001e (NS_ERROR_UNKNOWN_HOST)\"  location: \"JS frame :: resource://services-common/rest.sys.mjs :: onStopRequest :: line 478\"  data: no]","message":null,"code":null,"errno":null}
1713033355568	FirefoxAccounts	ERROR	Background refresh of initial profile failed: {"error":{},"errorString":"[Exception... \"NS_ERROR_UNKNOWN_HOST\"  nsresult: \"0x804b001e (NS_ERROR_UNKNOWN_HOST)\"  location: \"JS frame :: resource://services-common/rest.sys.mjs :: onStopRequest :: line 478\"  data: no]","message":null,"code":null,"errno":null}
1713033355568	FirefoxAccounts	ERROR	Background refresh of initial profile failed: {"error":{},"errorString":"[Exception... \"NS_ERROR_UNKNOWN_HOST\"  nsresult: \"0x804b001e (NS_ERROR_UNKNOWN_HOST)\"  location: \"JS frame :: resource://services-common/rest.sys.mjs :: onStopRequest :: line 478\"  data: no]","message":null,"code":null,"errno":null}
1713033355568	FirefoxAccounts	ERROR	Background refresh of initial profile failed: {"error":{},"errorString":"[Exception... \"NS_ERROR_UNKNOWN_HOST\"  nsresult: \"0x804b001e (NS_ERROR_UNKNOWN_HOST)\"  location: \"JS frame :: resource://services-common/rest.sys.mjs :: onStopRequest :: line 478\"  data: no]","message":null,"code":null,"errno":null}
1713033355568	FirefoxAccounts	ERROR	Background refresh of initial profile failed: {"error":{},"errorString":"[Exception... \"NS_ERROR_UNKNOWN_HOST\"  nsresult: \"0x804b001e (NS_ERROR_UNKNOWN_HOST)\"  location: \"JS frame :: resource://services-common/rest.sys.mjs :: onStopRequest :: line 478\"  data: no]","message":null,"code":null,"errno":null}
console.error: "Sync encountered an error - see about:sync-log for the log file."
JavaScript error: , line 0: NotFoundError: No such JSWindowActor 'DevToolsFrame'
1713036955560	Sync.SyncScheduler	ERROR	Fetching missed remote commands failed.: Error: No device registration.(resource://gre/modules/FxAccountsCommands.sys.mjs:104:15) JS Stack trace: pollDeviceCommands/<@FxAccountsCommands.sys.mjs:104:15
1713036955597	FirefoxAccounts	ERROR	error POSTing /oauth/token: {"error":{},"errorString":"[Exception... \"NS_ERROR_UNKNOWN_HOST\"  nsresult: \"0x804b001e (NS_ERROR_UNKNOWN_HOST)\"  location: \"JS frame :: resource://services-common/rest.sys.mjs :: onStopRequest :: line 478\"  data: no]","message":null,"code":null,"errno":null}
1713036955598	FirefoxAccounts	ERROR	Background refresh of initial profile failed: {"error":{},"errorString":"[Exception... \"NS_ERROR_UNKNOWN_HOST\"  nsresult: \"0x804b001e (NS_ERROR_UNKNOWN_HOST)\"  location: \"JS frame :: resource://services-common/rest.sys.mjs :: onStopRequest :: line 478\"  data: no]","message":null,"code":null,"errno":null}
1713036955598	FirefoxAccounts	ERROR	Background refresh of initial profile failed: {"error":{},"errorString":"[Exception... \"NS_ERROR_UNKNOWN_HOST\"  nsresult: \"0x804b001e (NS_ERROR_UNKNOWN_HOST)\"  location: \"JS frame :: resource://services-common/rest.sys.mjs :: onStopRequest :: line 478\"  data: no]","message":null,"code":null,"errno":null}
1713036955599	FirefoxAccounts	ERROR	error POSTing /account/scoped-key-data: {"error":{},"errorString":"[Exception... \"NS_ERROR_UNKNOWN_HOST\"  nsresult: \"0x804b001e (NS_ERROR_UNKNOWN_HOST)\"  location: \"JS frame :: resource://services-common/rest.sys.mjs :: onStopRequest :: line 478\"  data: no]","message":null,"code":null,"errno":null}
1713036955599	Sync.SyncAuthManager	ERROR	Non-authentication error in _fetchTokenForUser: {"error":{},"errorString":"[Exception... \"NS_ERROR_UNKNOWN_HOST\"  nsresult: \"0x804b001e (NS_ERROR_UNKNOWN_HOST)\"  location: \"JS frame :: resource://services-common/rest.sys.mjs :: onStopRequest :: line 478\"  data: no]","message":null,"code":null,"errno":null}
1713036955601	Sync.ErrorHandler	ERROR	Sync encountered a login error
1713036955640	FirefoxAccounts	ERROR	error GETing /account/devices?filterIdleDevicesTimestamp=1711222555630: {"error":{},"errorString":"[Exception... \"NS_ERROR_UNKNOWN_HOST\"  nsresult: \"0x804b001e (NS_ERROR_UNKNOWN_HOST)\"  location: \"JS frame :: resource://services-common/rest.sys.mjs :: onStopRequest :: line 478\"  data: no]","message":null,"code":null,"errno":null}
1713036955640	Sync.Browser	ERROR	Refreshing device list failed.: {"error":{},"errorString":"[Exception... \"NS_ERROR_UNKNOWN_HOST\"  nsresult: \"0x804b001e (NS_ERROR_UNKNOWN_HOST)\"  location: \"JS frame :: resource://services-common/rest.sys.mjs :: onStopRequest :: line 478\"  data: no]","message":null,"code":null,"errno":null}
1713036955640	Sync.Browser	ERROR	Refreshing device list failed.: {"error":{},"errorString":"[Exception... \"NS_ERROR_UNKNOWN_HOST\"  nsresult: \"0x804b001e (NS_ERROR_UNKNOWN_HOST)\"  location: \"JS frame :: resource://services-common/rest.sys.mjs :: onStopRequest :: line 478\"  data: no]","message":null,"code":null,"errno":null}
1713036955640	Sync.Browser	ERROR	Refreshing device list failed.: {"error":{},"errorString":"[Exception... \"NS_ERROR_UNKNOWN_HOST\"  nsresult: \"0x804b001e (NS_ERROR_UNKNOWN_HOST)\"  location: \"JS frame :: resource://services-common/rest.sys.mjs :: onStopRequest :: line 478\"  data: no]","message":null,"code":null,"errno":null}
1713036955640	Sync.Browser	ERROR	Refreshing device list failed.: {"error":{},"errorString":"[Exception... \"NS_ERROR_UNKNOWN_HOST\"  nsresult: \"0x804b001e (NS_ERROR_UNKNOWN_HOST)\"  location: \"JS frame :: resource://services-common/rest.sys.mjs :: onStopRequest :: line 478\"  data: no]","message":null,"code":null,"errno":null}
1713036955641	FirefoxAccounts	ERROR	error POSTing /oauth/token: {"error":{},"errorString":"[Exception... \"NS_ERROR_UNKNOWN_HOST\"  nsresult: \"0x804b001e (NS_ERROR_UNKNOWN_HOST)\"  location: \"JS frame :: resource://services-common/rest.sys.mjs :: onStopRequest :: line 478\"  data: no]","message":null,"code":null,"errno":null}
1713036955641	FirefoxAccounts	ERROR	Background refresh of initial profile failed: {"error":{},"errorString":"[Exception... \"NS_ERROR_UNKNOWN_HOST\"  nsresult: \"0x804b001e (NS_ERROR_UNKNOWN_HOST)\"  location: \"JS frame :: resource://services-common/rest.sys.mjs :: onStopRequest :: line 478\"  data: no]","message":null,"code":null,"errno":null}
1713036955641	FirefoxAccounts	ERROR	Background refresh of initial profile failed: {"error":{},"errorString":"[Exception... \"NS_ERROR_UNKNOWN_HOST\"  nsresult: \"0x804b001e (NS_ERROR_UNKNOWN_HOST)\"  location: \"JS frame :: resource://services-common/rest.sys.mjs :: onStopRequest :: line 478\"  data: no]","message":null,"code":null,"errno":null}
1713036955641	FirefoxAccounts	ERROR	Background refresh of initial profile failed: {"error":{},"errorString":"[Exception... \"NS_ERROR_UNKNOWN_HOST\"  nsresult: \"0x804b001e (NS_ERROR_UNKNOWN_HOST)\"  location: \"JS frame :: resource://services-common/rest.sys.mjs :: onStopRequest :: line 478\"  data: no]","message":null,"code":null,"errno":null}
1713036955641	FirefoxAccounts	ERROR	Background refresh of initial profile failed: {"error":{},"errorString":"[Exception... \"NS_ERROR_UNKNOWN_HOST\"  nsresult: \"0x804b001e (NS_ERROR_UNKNOWN_HOST)\"  location: \"JS frame :: resource://services-common/rest.sys.mjs :: onStopRequest :: line 478\"  data: no]","message":null,"code":null,"errno":null}
1713036955641	FirefoxAccounts	ERROR	Background refresh of initial profile failed: {"error":{},"errorString":"[Exception... \"NS_ERROR_UNKNOWN_HOST\"  nsresult: \"0x804b001e (NS_ERROR_UNKNOWN_HOST)\"  location: \"JS frame :: resource://services-common/rest.sys.mjs :: onStopRequest :: line 478\"  data: no]","message":null,"code":null,"errno":null}
1713036955641	FirefoxAccounts	ERROR	Background refresh of initial profile failed: {"error":{},"errorString":"[Exception... \"NS_ERROR_UNKNOWN_HOST\"  nsresult: \"0x804b001e (NS_ERROR_UNKNOWN_HOST)\"  location: \"JS frame :: resource://services-common/rest.sys.mjs :: onStopRequest :: line 478\"  data: no]","message":null,"code":null,"errno":null}
console.error: "Sync encountered an error - see about:sync-log for the log file."
1713040557414	Sync.SyncScheduler	ERROR	Fetching missed remote commands failed.: Error: No device registration.(resource://gre/modules/FxAccountsCommands.sys.mjs:104:15) JS Stack trace: pollDeviceCommands/<@FxAccountsCommands.sys.mjs:104:15
1713040557449	FirefoxAccounts	ERROR	error POSTing /oauth/token: {"error":{},"errorString":"[Exception... \"NS_ERROR_UNKNOWN_HOST\"  nsresult: \"0x804b001e (NS_ERROR_UNKNOWN_HOST)\"  location: \"JS frame :: resource://services-common/rest.sys.mjs :: onStopRequest :: line 478\"  data: no]","message":null,"code":null,"errno":null}
1713040557450	FirefoxAccounts	ERROR	Background refresh of initial profile failed: {"error":{},"errorString":"[Exception... \"NS_ERROR_UNKNOWN_HOST\"  nsresult: \"0x804b001e (NS_ERROR_UNKNOWN_HOST)\"  location: \"JS frame :: resource://services-common/rest.sys.mjs :: onStopRequest :: line 478\"  data: no]","message":null,"code":null,"errno":null}
1713040557450	FirefoxAccounts	ERROR	Background refresh of initial profile failed: {"error":{},"errorString":"[Exception... \"NS_ERROR_UNKNOWN_HOST\"  nsresult: \"0x804b001e (NS_ERROR_UNKNOWN_HOST)\"  location: \"JS frame :: resource://services-common/rest.sys.mjs :: onStopRequest :: line 478\"  data: no]","message":null,"code":null,"errno":null}
1713040557453	FirefoxAccounts	ERROR	error POSTing /account/scoped-key-data: {"error":{},"errorString":"[Exception... \"NS_ERROR_UNKNOWN_HOST\"  nsresult: \"0x804b001e (NS_ERROR_UNKNOWN_HOST)\"  location: \"JS frame :: resource://services-common/rest.sys.mjs :: onStopRequest :: line 478\"  data: no]","message":null,"code":null,"errno":null}
1713040557453	Sync.SyncAuthManager	ERROR	Non-authentication error in _fetchTokenForUser: {"error":{},"errorString":"[Exception... \"NS_ERROR_UNKNOWN_HOST\"  nsresult: \"0x804b001e (NS_ERROR_UNKNOWN_HOST)\"  location: \"JS frame :: resource://services-common/rest.sys.mjs :: onStopRequest :: line 478\"  data: no]","message":null,"code":null,"errno":null}
1713040557456	Sync.ErrorHandler	ERROR	Sync encountered a login error
1713040557515	FirefoxAccounts	ERROR	error GETing /account/devices?filterIdleDevicesTimestamp=1711226157493: {"error":{},"errorString":"[Exception... \"NS_ERROR_UNKNOWN_HOST\"  nsresult: \"0x804b001e (NS_ERROR_UNKNOWN_HOST)\"  location: \"JS frame :: resource://services-common/rest.sys.mjs :: onStopRequest :: line 478\"  data: no]","message":null,"code":null,"errno":null}
1713040557516	Sync.Browser	ERROR	Refreshing device list failed.: {"error":{},"errorString":"[Exception... \"NS_ERROR_UNKNOWN_HOST\"  nsresult: \"0x804b001e (NS_ERROR_UNKNOWN_HOST)\"  location: \"JS frame :: resource://services-common/rest.sys.mjs :: onStopRequest :: line 478\"  data: no]","message":null,"code":null,"errno":null}
1713040557516	Sync.Browser	ERROR	Refreshing device list failed.: {"error":{},"errorString":"[Exception... \"NS_ERROR_UNKNOWN_HOST\"  nsresult: \"0x804b001e (NS_ERROR_UNKNOWN_HOST)\"  location: \"JS frame :: resource://services-common/rest.sys.mjs :: onStopRequest :: line 478\"  data: no]","message":null,"code":null,"errno":null}
1713040557519	FirefoxAccounts	ERROR	error POSTing /oauth/token: {"error":{},"errorString":"[Exception... \"NS_ERROR_UNKNOWN_HOST\"  nsresult: \"0x804b001e (NS_ERROR_UNKNOWN_HOST)\"  location: \"JS frame :: resource://services-common/rest.sys.mjs :: onStopRequest :: line 478\"  data: no]","message":null,"code":null,"errno":null}
1713040557519	FirefoxAccounts	ERROR	Background refresh of initial profile failed: {"error":{},"errorString":"[Exception... \"NS_ERROR_UNKNOWN_HOST\"  nsresult: \"0x804b001e (NS_ERROR_UNKNOWN_HOST)\"  location: \"JS frame :: resource://services-common/rest.sys.mjs :: onStopRequest :: line 478\"  data: no]","message":null,"code":null,"errno":null}
1713040557519	FirefoxAccounts	ERROR	Background refresh of initial profile failed: {"error":{},"errorString":"[Exception... \"NS_ERROR_UNKNOWN_HOST\"  nsresult: \"0x804b001e (NS_ERROR_UNKNOWN_HOST)\"  location: \"JS frame :: resource://services-common/rest.sys.mjs :: onStopRequest :: line 478\"  data: no]","message":null,"code":null,"errno":null}
1713040557519	FirefoxAccounts	ERROR	Background refresh of initial profile failed: {"error":{},"errorString":"[Exception... \"NS_ERROR_UNKNOWN_HOST\"  nsresult: \"0x804b001e (NS_ERROR_UNKNOWN_HOST)\"  location: \"JS frame :: resource://services-common/rest.sys.mjs :: onStopRequest :: line 478\"  data: no]","message":null,"code":null,"errno":null}
1713040557519	FirefoxAccounts	ERROR	Background refresh of initial profile failed: {"error":{},"errorString":"[Exception... \"NS_ERROR_UNKNOWN_HOST\"  nsresult: \"0x804b001e (NS_ERROR_UNKNOWN_HOST)\"  location: \"JS frame :: resource://services-common/rest.sys.mjs :: onStopRequest :: line 478\"  data: no]","message":null,"code":null,"errno":null}
1713040557519	FirefoxAccounts	ERROR	Background refresh of initial profile failed: {"error":{},"errorString":"[Exception... \"NS_ERROR_UNKNOWN_HOST\"  nsresult: \"0x804b001e (NS_ERROR_UNKNOWN_HOST)\"  location: \"JS frame :: resource://services-common/rest.sys.mjs :: onStopRequest :: line 478\"  data: no]","message":null,"code":null,"errno":null}
1713040557519	FirefoxAccounts	ERROR	Background refresh of initial profile failed: {"error":{},"errorString":"[Exception... \"NS_ERROR_UNKNOWN_HOST\"  nsresult: \"0x804b001e (NS_ERROR_UNKNOWN_HOST)\"  location: \"JS frame :: resource://services-common/rest.sys.mjs :: onStopRequest :: line 478\"  data: no]","message":null,"code":null,"errno":null}
console.error: "Sync encountered an error - see about:sync-log for the log file."
1713044159553	Sync.SyncScheduler	ERROR	Fetching missed remote commands failed.: Error: No device registration.(resource://gre/modules/FxAccountsCommands.sys.mjs:104:15) JS Stack trace: pollDeviceCommands/<@FxAccountsCommands.sys.mjs:104:15
1713044159596	FirefoxAccounts	ERROR	error POSTing /oauth/token: {"error":{},"errorString":"[Exception... \"NS_ERROR_UNKNOWN_HOST\"  nsresult: \"0x804b001e (NS_ERROR_UNKNOWN_HOST)\"  location: \"JS frame :: resource://services-common/rest.sys.mjs :: onStopRequest :: line 478\"  data: no]","message":null,"code":null,"errno":null}
1713044159596	FirefoxAccounts	ERROR	Background refresh of initial profile failed: {"error":{},"errorString":"[Exception... \"NS_ERROR_UNKNOWN_HOST\"  nsresult: \"0x804b001e (NS_ERROR_UNKNOWN_HOST)\"  location: \"JS frame :: resource://services-common/rest.sys.mjs :: onStopRequest :: line 478\"  data: no]","message":null,"code":null,"errno":null}
1713044159596	FirefoxAccounts	ERROR	Background refresh of initial profile failed: {"error":{},"errorString":"[Exception... \"NS_ERROR_UNKNOWN_HOST\"  nsresult: \"0x804b001e (NS_ERROR_UNKNOWN_HOST)\"  location: \"JS frame :: resource://services-common/rest.sys.mjs :: onStopRequest :: line 478\"  data: no]","message":null,"code":null,"errno":null}
1713044159598	FirefoxAccounts	ERROR	error POSTing /account/scoped-key-data: {"error":{},"errorString":"[Exception... \"NS_ERROR_UNKNOWN_HOST\"  nsresult: \"0x804b001e (NS_ERROR_UNKNOWN_HOST)\"  location: \"JS frame :: resource://services-common/rest.sys.mjs :: onStopRequest :: line 478\"  data: no]","message":null,"code":null,"errno":null}
1713044159598	Sync.SyncAuthManager	ERROR	Non-authentication error in _fetchTokenForUser: {"error":{},"errorString":"[Exception... \"NS_ERROR_UNKNOWN_HOST\"  nsresult: \"0x804b001e (NS_ERROR_UNKNOWN_HOST)\"  location: \"JS frame :: resource://services-common/rest.sys.mjs :: onStopRequest :: line 478\"  data: no]","message":null,"code":null,"errno":null}
1713044159601	Sync.ErrorHandler	ERROR	Sync encountered a login error
1713044159674	FirefoxAccounts	ERROR	error GETing /account/devices?filterIdleDevicesTimestamp=1711229759650: {"error":{},"errorString":"[Exception... \"NS_ERROR_UNKNOWN_HOST\"  nsresult: \"0x804b001e (NS_ERROR_UNKNOWN_HOST)\"  location: \"JS frame :: resource://services-common/rest.sys.mjs :: onStopRequest :: line 478\"  data: no]","message":null,"code":null,"errno":null}
1713044159674	Sync.Browser	ERROR	Refreshing device list failed.: {"error":{},"errorString":"[Exception... \"NS_ERROR_UNKNOWN_HOST\"  nsresult: \"0x804b001e (NS_ERROR_UNKNOWN_HOST)\"  location: \"JS frame :: resource://services-common/rest.sys.mjs :: onStopRequest :: line 478\"  data: no]","message":null,"code":null,"errno":null}
1713044159674	Sync.Browser	ERROR	Refreshing device list failed.: {"error":{},"errorString":"[Exception... \"NS_ERROR_UNKNOWN_HOST\"  nsresult: \"0x804b001e (NS_ERROR_UNKNOWN_HOST)\"  location: \"JS frame :: resource://services-common/rest.sys.mjs :: onStopRequest :: line 478\"  data: no]","message":null,"code":null,"errno":null}
1713044159675	FirefoxAccounts	ERROR	error POSTing /oauth/token: {"error":{},"errorString":"[Exception... \"NS_ERROR_UNKNOWN_HOST\"  nsresult: \"0x804b001e (NS_ERROR_UNKNOWN_HOST)\"  location: \"JS frame :: resource://services-common/rest.sys.mjs :: onStopRequest :: line 478\"  data: no]","message":null,"code":null,"errno":null}
1713044159675	FirefoxAccounts	ERROR	Background refresh of initial profile failed: {"error":{},"errorString":"[Exception... \"NS_ERROR_UNKNOWN_HOST\"  nsresult: \"0x804b001e (NS_ERROR_UNKNOWN_HOST)\"  location: \"JS frame :: resource://services-common/rest.sys.mjs :: onStopRequest :: line 478\"  data: no]","message":null,"code":null,"errno":null}
1713044159675	FirefoxAccounts	ERROR	Background refresh of initial profile failed: {"error":{},"errorString":"[Exception... \"NS_ERROR_UNKNOWN_HOST\"  nsresult: \"0x804b001e (NS_ERROR_UNKNOWN_HOST)\"  location: \"JS frame :: resource://services-common/rest.sys.mjs :: onStopRequest :: line 478\"  data: no]","message":null,"code":null,"errno":null}
1713044159675	FirefoxAccounts	ERROR	Background refresh of initial profile failed: {"error":{},"errorString":"[Exception... \"NS_ERROR_UNKNOWN_HOST\"  nsresult: \"0x804b001e (NS_ERROR_UNKNOWN_HOST)\"  location: \"JS frame :: resource://services-common/rest.sys.mjs :: onStopRequest :: line 478\"  data: no]","message":null,"code":null,"errno":null}
1713044159675	FirefoxAccounts	ERROR	Background refresh of initial profile failed: {"error":{},"errorString":"[Exception... \"NS_ERROR_UNKNOWN_HOST\"  nsresult: \"0x804b001e (NS_ERROR_UNKNOWN_HOST)\"  location: \"JS frame :: resource://services-common/rest.sys.mjs :: onStopRequest :: line 478\"  data: no]","message":null,"code":null,"errno":null}
1713044159675	FirefoxAccounts	ERROR	Background refresh of initial profile failed: {"error":{},"errorString":"[Exception... \"NS_ERROR_UNKNOWN_HOST\"  nsresult: \"0x804b001e (NS_ERROR_UNKNOWN_HOST)\"  location: \"JS frame :: resource://services-common/rest.sys.mjs :: onStopRequest :: line 478\"  data: no]","message":null,"code":null,"errno":null}
1713044159675	FirefoxAccounts	ERROR	Background refresh of initial profile failed: {"error":{},"errorString":"[Exception... \"NS_ERROR_UNKNOWN_HOST\"  nsresult: \"0x804b001e (NS_ERROR_UNKNOWN_HOST)\"  location: \"JS frame :: resource://services-common/rest.sys.mjs :: onStopRequest :: line 478\"  data: no]","message":null,"code":null,"errno":null}
console.error: "Sync encountered an error - see about:sync-log for the log file."
