1713084620797	geckodriver	INFO	Listening on 127.0.0.1:56004
1713084623840	mozrunner::runner	INFO	Running command: "C:\\Program Files\\Mozilla Firefox\\firefox.exe" "--marionette" "--remote-debugging-port" "56005" "--remote-allow-hosts" "localhost" "-no-remote" "-profile" "C:\\Users\\etmom\\AppData\\Local\\Temp\\rust_mozprofileEigChf"
console.warn: services.settings: Ignoring preference override of remote settings server
console.warn: services.settings: Allow by setting MOZ_REMOTE_SETTINGS_DEVTOOLS=1 in the environment
1713084624155	Marionette	INFO	Marionette enabled
Dynamically enable window occlusion 0
1713084624230	Marionette	INFO	Listening on port 56012
WebDriver BiDi listening on ws://127.0.0.1:56005
Read port: 56012
1713084624350	RemoteAgent	WARN	TLS certificate errors will be ignored for this session
DevTools listening on ws://127.0.0.1:56005/devtools/browser/e534ce76-e33d-45f7-ac13-42b1689d091c
console.warn: LoginRecipes: "Falling back to a synchronous message for: https://automacao.qacoders-academy.com.br."
console.warn: LoginRecipes: "Falling back to a synchronous message for: https://automacao.qacoders-academy.com.br."
console.warn: LoginRecipes: "Falling back to a synchronous message for: https://automacao.qacoders-academy.com.br."
1713084654233	addons.xpi	ERROR	System addon update list error SyntaxError: XMLHttpRequest.open: 'http://%(server)s/dummy-system-addons.xml' is not a valid URL.
JavaScript warning: https://addons.mozilla.org/static-frontend/amo-9294d73831a19a55b421.js, line 7: Script terminated by timeout at:
oo/<@https://addons.mozilla.org/static-frontend/amo-9294d73831a19a55b421.js:7:5038
t@https://addons.mozilla.org/static-frontend/amo-9294d73831a19a55b421.js:7:4912

1713087687963	Marionette	INFO	Stopped listening on port 56012
Dynamically enable window occlusion 1
