1713006768746	geckodriver	INFO	Listening on 127.0.0.1:59598
1713006771857	mozrunner::runner	INFO	Running command: "C:\\Program Files\\Mozilla Firefox\\firefox.exe" "--marionette" "--remote-debugging-port" "59599" "--remote-allow-hosts" "localhost" "-no-remote" "-profile" "C:\\Users\\etmom\\AppData\\Local\\Temp\\rust_mozprofile6pk9Be"
console.warn: services.settings: Ignoring preference override of remote settings server
console.warn: services.settings: Allow by setting MOZ_REMOTE_SETTINGS_DEVTOOLS=1 in the environment
1713006772257	Marionette	INFO	Marionette enabled
Dynamically enable window occlusion 0
1713006772339	Marionette	INFO	Listening on port 59608
WebDriver BiDi listening on ws://127.0.0.1:59599
Read port: 59608
1713006772496	RemoteAgent	WARN	TLS certificate errors will be ignored for this session
DevTools listening on ws://127.0.0.1:59599/devtools/browser/9ba7c2f1-ba24-4cbb-984f-61d927af9468
console.warn: LoginRecipes: "Falling back to a synchronous message for: https://automacao.qacoders-academy.com.br."
console.warn: LoginRecipes: "Falling back to a synchronous message for: https://automacao.qacoders-academy.com.br."
console.warn: LoginRecipes: "Falling back to a synchronous message for: https://automacao.qacoders-academy.com.br."
JavaScript error: chrome://browser/content/preferences/moreFromMozilla.js, line 83: TypeError: Region.home is null
1713006802275	addons.xpi	ERROR	System addon update list error SyntaxError: XMLHttpRequest.open: 'http://%(server)s/dummy-system-addons.xml' is not a valid URL.
console.warn: LoginRecipes: "Falling back to a synchronous message for: https://accounts.firefox.com."
1713006843588	FirefoxAccounts	ERROR	FxA rejecting with error UNVERIFIED_ACCOUNT, details: undefined
1713006843589	FirefoxAccounts	ERROR	Background refresh of initial profile failed: Error: UNVERIFIED_ACCOUNT(resource://gre/modules/FxAccounts.sys.mjs:1556:18) JS Stack trace: _error@FxAccounts.sys.mjs:1556:18
withSessionToken@FxAccounts.sys.mjs:776:18
console.info: "Skipping device list refresh; not signed in"
1713006843590	FirefoxAccounts	ERROR	FxA rejecting with error UNVERIFIED_ACCOUNT, details: undefined
1713006843590	FirefoxAccounts	ERROR	Background refresh of initial profile failed: Error: UNVERIFIED_ACCOUNT(resource://gre/modules/FxAccounts.sys.mjs:1556:18) JS Stack trace: _error@FxAccounts.sys.mjs:1556:18
withSessionToken@FxAccounts.sys.mjs:776:18
1713006843598	FirefoxAccounts	ERROR	error GETing /recovery_email/status?reason=start: {"error":{},"errorString":"[Exception... \"NS_ERROR_UNKNOWN_HOST\"  nsresult: \"0x804b001e (NS_ERROR_UNKNOWN_HOST)\"  location: \"JS frame :: resource://services-common/rest.sys.mjs :: onStopRequest :: line 478\"  data: no]","message":null,"code":null,"errno":null}
1713006843598	FirefoxAccounts	ERROR	checkEmailStatus failed to poll: {"error":{},"errorString":"[Exception... \"NS_ERROR_UNKNOWN_HOST\"  nsresult: \"0x804b001e (NS_ERROR_UNKNOWN_HOST)\"  location: \"JS frame :: resource://services-common/rest.sys.mjs :: onStopRequest :: line 478\"  data: no]","message":null,"code":null,"errno":null}
1713006843609	FirefoxAccounts	ERROR	error POSTing /account/device: {"error":{},"errorString":"[Exception... \"NS_ERROR_UNKNOWN_HOST\"  nsresult: \"0x804b001e (NS_ERROR_UNKNOWN_HOST)\"  location: \"JS frame :: resource://services-common/rest.sys.mjs :: onStopRequest :: line 478\"  data: no]","message":null,"code":null,"errno":null}
1713006843609	FirefoxAccounts	ERROR	device registration failed: {"error":{},"errorString":"[Exception... \"NS_ERROR_UNKNOWN_HOST\"  nsresult: \"0x804b001e (NS_ERROR_UNKNOWN_HOST)\"  location: \"JS frame :: resource://services-common/rest.sys.mjs :: onStopRequest :: line 478\"  data: no]","message":null,"code":null,"errno":null}
1713006843611	FirefoxAccounts	ERROR	FxA rejecting with error UNVERIFIED_ACCOUNT, details: undefined
1713006843612	FirefoxAccounts	ERROR	Background refresh of initial profile failed: Error: UNVERIFIED_ACCOUNT(resource://gre/modules/FxAccounts.sys.mjs:1556:18) JS Stack trace: _error@FxAccounts.sys.mjs:1556:18
withSessionToken@FxAccounts.sys.mjs:776:18
1713006843612	FirefoxAccounts	ERROR	FxA rejecting with error UNVERIFIED_ACCOUNT, details: undefined
1713006843613	FirefoxAccounts	ERROR	Background refresh of initial profile failed: Error: UNVERIFIED_ACCOUNT(resource://gre/modules/FxAccounts.sys.mjs:1556:18) JS Stack trace: _error@FxAccounts.sys.mjs:1556:18
withSessionToken@FxAccounts.sys.mjs:776:18
1713006843613	FirefoxAccounts	ERROR	Background refresh of initial profile failed: Error: UNVERIFIED_ACCOUNT(resource://gre/modules/FxAccounts.sys.mjs:1556:18) JS Stack trace: _error@FxAccounts.sys.mjs:1556:18
withSessionToken@FxAccounts.sys.mjs:776:18
console.info: "Skipping device list refresh; not signed in"
1713006903143	FirefoxAccounts	ERROR	FxA rejecting with error UNVERIFIED_ACCOUNT, details: undefined
1713006903143	FirefoxAccounts	ERROR	Background refresh of initial profile failed: Error: UNVERIFIED_ACCOUNT(resource://gre/modules/FxAccounts.sys.mjs:1556:18) JS Stack trace: _error@FxAccounts.sys.mjs:1556:18
withSessionToken@FxAccounts.sys.mjs:776:18
console.info: "Skipping device list refresh; not signed in"
1713006903685	FirefoxAccounts	ERROR	error GETing /recovery_email/status?reason=start: {"error":{},"errorString":"[Exception... \"NS_ERROR_UNKNOWN_HOST\"  nsresult: \"0x804b001e (NS_ERROR_UNKNOWN_HOST)\"  location: \"JS frame :: resource://services-common/rest.sys.mjs :: onStopRequest :: line 478\"  data: no]","message":null,"code":null,"errno":null}
1713006903685	FirefoxAccounts	ERROR	checkEmailStatus failed to poll: {"error":{},"errorString":"[Exception... \"NS_ERROR_UNKNOWN_HOST\"  nsresult: \"0x804b001e (NS_ERROR_UNKNOWN_HOST)\"  location: \"JS frame :: resource://services-common/rest.sys.mjs :: onStopRequest :: line 478\"  data: no]","message":null,"code":null,"errno":null}
console.info: "Skipping device list refresh; not signed in"
JavaScript error: chrome://mozapps/content/extensions/aboutaddons.js, line 476: TypeError: URL constructor: http://%(server)s/extensions-dummy/repositoryBrowseURL is not a valid URL.
console.info: "Skipping device list refresh; not signed in"
1713006963742	FirefoxAccounts	ERROR	error GETing /recovery_email/status?reason=start: {"error":{},"errorString":"[Exception... \"NS_ERROR_UNKNOWN_HOST\"  nsresult: \"0x804b001e (NS_ERROR_UNKNOWN_HOST)\"  location: \"JS frame :: resource://services-common/rest.sys.mjs :: onStopRequest :: line 478\"  data: no]","message":null,"code":null,"errno":null}
1713006963743	FirefoxAccounts	ERROR	checkEmailStatus failed to poll: {"error":{},"errorString":"[Exception... \"NS_ERROR_UNKNOWN_HOST\"  nsresult: \"0x804b001e (NS_ERROR_UNKNOWN_HOST)\"  location: \"JS frame :: resource://services-common/rest.sys.mjs :: onStopRequest :: line 478\"  data: no]","message":null,"code":null,"errno":null}
1713006967354	Marionette	WARN	Ignoring event 'pageshow' because document has an invalid readyState of 'uninitialized'.
console.error: "Error writing response to: querySelector"
console.error: "Error while calling actor 'domwalker's method 'querySelector'" "can't access dead object"
console.error: (new TypeError("can't access dead object", "resource://devtools/server/actors/inspector/event-collector.js", 277))
console.error: (new Error("Protocol error (TypeError): can't access dead object from: server0.conn0.windowGlobal6442450945/domwalker20 (resource://devtools/server/actors/inspector/event-collector.js:277:22)", "resource://devtools/shared/protocol/Front.js", 382))
console.error: "Error sending event: picker-node-hovered"
console.error: (new TypeError("can't access dead object", "resource://devtools/server/actors/inspector/event-collector.js", 277))
TypeError: can't access dead object: getDOMListeners/<@resource://devtools/server/actors/inspector/event-collector.js:277:22
getDOMListeners@resource://devtools/server/actors/inspector/event-collector.js:275:22
getListeners@resource://devtools/server/actors/inspector/event-collector.js:333:28
hasListeners@resource://devtools/server/actors/inspector/event-collector.js:226:17
hasEventListeners@resource://devtools/server/actors/inspector/event-collector.js:800:21
get _hasEventListeners@resource://devtools/server/actors/inspector/node.js:430:33
form@resource://devtools/server/actors/inspector/node.js:230:7
write@resource://devtools/shared/protocol/types.js:368:32
write@resource://devtools/shared/protocol/types.js:266:39
write@resource://devtools/shared/protocol/Request.js:112:22
write@resource://devtools/shared/protocol/Request.js:42:26
_sendEvent@resource://devtools/shared/protocol/Actor.js:67:24
Actor/<@resource://devtools/shared/protocol/Actor.js:47:16
_emit@resource://devtools/shared/event-emitter.js:242:32
emit@resource://devtools/shared/event-emitter.js:186:18
emit@resource://devtools/shared/event-emitter.js:330:18
_onHovered@resource://devtools/server/actors/inspector/node-picker.js:228:20

console.error: "Error sending event: picker-node-hovered"
console.error: (new TypeError("can't access dead object", "resource://devtools/server/actors/inspector/event-collector.js", 277))
TypeError: can't access dead object: getDOMListeners/<@resource://devtools/server/actors/inspector/event-collector.js:277:22
getDOMListeners@resource://devtools/server/actors/inspector/event-collector.js:275:22
getListeners@resource://devtools/server/actors/inspector/event-collector.js:333:28
hasListeners@resource://devtools/server/actors/inspector/event-collector.js:226:17
hasEventListeners@resource://devtools/server/actors/inspector/event-collector.js:800:21
get _hasEventListeners@resource://devtools/server/actors/inspector/node.js:430:33
form@resource://devtools/server/actors/inspector/node.js:230:7
write@resource://devtools/shared/protocol/types.js:368:32
write@resource://devtools/shared/protocol/types.js:266:39
write@resource://devtools/shared/protocol/Request.js:112:22
write@resource://devtools/shared/protocol/Request.js:42:26
_sendEvent@resource://devtools/shared/protocol/Actor.js:67:24
Actor/<@resource://devtools/shared/protocol/Actor.js:47:16
_emit@resource://devtools/shared/event-emitter.js:242:32
emit@resource://devtools/shared/event-emitter.js:186:18
emit@resource://devtools/shared/event-emitter.js:330:18
_onHovered@resource://devtools/server/actors/inspector/node-picker.js:228:20

1713007023975	FirefoxAccounts	ERROR	error GETing /recovery_email/status?reason=start: {"error":{},"errorString":"[Exception... \"NS_ERROR_UNKNOWN_HOST\"  nsresult: \"0x804b001e (NS_ERROR_UNKNOWN_HOST)\"  location: \"JS frame :: resource://services-common/rest.sys.mjs :: onStopRequest :: line 478\"  data: no]","message":null,"code":null,"errno":null}
1713007023975	FirefoxAccounts	ERROR	checkEmailStatus failed to poll: {"error":{},"errorString":"[Exception... \"NS_ERROR_UNKNOWN_HOST\"  nsresult: \"0x804b001e (NS_ERROR_UNKNOWN_HOST)\"  location: \"JS frame :: resource://services-common/rest.sys.mjs :: onStopRequest :: line 478\"  data: no]","message":null,"code":null,"errno":null}
1713007026986	Marionette	WARN	Ignoring event 'pageshow' because document has an invalid readyState of 'uninitialized'.
JavaScript error: , line 0: NotFoundError: No such JSWindowActor 'DevToolsFrame'
1713007065460	Marionette	WARN	Ignoring event 'pageshow' because document has an invalid readyState of 'uninitialized'.
console.info: "Skipping device list refresh; not signed in"
1713007084363	FirefoxAccounts	ERROR	error GETing /recovery_email/status?reason=start: {"error":{},"errorString":"[Exception... \"NS_ERROR_UNKNOWN_HOST\"  nsresult: \"0x804b001e (NS_ERROR_UNKNOWN_HOST)\"  location: \"JS frame :: resource://services-common/rest.sys.mjs :: onStopRequest :: line 478\"  data: no]","message":null,"code":null,"errno":null}
1713007084363	FirefoxAccounts	ERROR	checkEmailStatus failed to poll: {"error":{},"errorString":"[Exception... \"NS_ERROR_UNKNOWN_HOST\"  nsresult: \"0x804b001e (NS_ERROR_UNKNOWN_HOST)\"  location: \"JS frame :: resource://services-common/rest.sys.mjs :: onStopRequest :: line 478\"  data: no]","message":null,"code":null,"errno":null}
1713007157507	Marionette	INFO	Stopped listening on port 59608
Dynamically enable window occlusion 1
