1713038871925	geckodriver	INFO	Listening on 127.0.0.1:51327
1713038875008	mozrunner::runner	INFO	Running command: "C:\\Program Files\\Mozilla Firefox\\firefox.exe" "--marionette" "--remote-debugging-port" "51328" "--remote-allow-hosts" "localhost" "-no-remote" "-profile" "C:\\Users\\etmom\\AppData\\Local\\Temp\\rust_mozprofilemtvhYs"
console.warn: services.settings: Ignoring preference override of remote settings server
console.warn: services.settings: Allow by setting MOZ_REMOTE_SETTINGS_DEVTOOLS=1 in the environment
1713038875409	Marionette	INFO	Marionette enabled
Dynamically enable window occlusion 0
1713038875493	Marionette	INFO	Listening on port 51337
WebDriver BiDi listening on ws://127.0.0.1:51328
Read port: 51337
1713038875656	RemoteAgent	WARN	TLS certificate errors will be ignored for this session
DevTools listening on ws://127.0.0.1:51328/devtools/browser/881bd4b6-5911-4df9-8b38-47f44dfe32f3
console.warn: LoginRecipes: "Falling back to a synchronous message for: https://automacao.qacoders-academy.com.br."
console.warn: LoginRecipes: "Falling back to a synchronous message for: https://automacao.qacoders-academy.com.br."
console.warn: LoginRecipes: "Falling back to a synchronous message for: https://automacao.qacoders-academy.com.br."
console.warn: LoginRecipes: "Falling back to a synchronous message for: https://automacao.qacoders-academy.com.br."
1713038906966	addons.xpi	ERROR	System addon update list error SyntaxError: XMLHttpRequest.open: 'http://%(server)s/dummy-system-addons.xml' is not a valid URL.
JavaScript error: https://www.gstatic.com/_/mss/boq-chrome-webstore/_/js/k=boq-chrome-webstore.ChromeWebStoreConsumerFeUi.pt_PT.IvJYXSU-S_0.es5.O/ck=boq-chrome-webstore.ChromeWebStoreConsumerFeUi.pILee7QVWZk.L.F4.O/am=AGDQWQ/d=1/exm=_b,_tp/excm=_b,_tp,itemdetailview/ed=1/wt=2/ujg=1/rs=AEP720LTNdob8VJc0SmdQplwrWT-dUshew/ee=EVNhjf:pw70Gc;EmZ2Bf:zr1jrb;Erl4fe:FloWmf;JsbNhc:Xd8iUd;LBgRLc:SdcwHb;Me32dd:MEeYgc;NPKaK:SdcwHb;NSEoX:lazG7b;Oj465e:KG2eXe;Pjplud:EEDORb;QGR0gd:Mlhmy;SNUn3:ZwDk9d;a56pNe:JEfCwb;cEt90b:ws9Tlc;dIoSBb:SpsfSb;eBAeSb:zbML3c;iFQyKf:QIhFr;io8t5d:yDVVkb;kMFpHd:OTA3Ae;nAFL3:s39S4;oGtAuc:sOXFj;pXdRYb:MdUzUe;qddgKe:xQtZb;sP4Vbe:VwDzFe;uY49fb:COQbmf;ul9GGd:VDovNc;wR5FRb:YA1iG;xqZiqf:BBI74;yEQyxe:p8L0ob;yxTchf:KUM7Z;zxnPse:duFQFc/m=ws9Tlc,n73qwf,UUJqVe,IZT63,e5qFLc,O1Gjze,mI3LFb,byfTOb,lsjVmc,xUdipf,OTA3Ae,COQbmf,fKUV3e,aurFic,U0aPgd,ZwDk9d,V3dDOb,p8L0ob,YYmHzb,MT4Hub,h4ilFc,M0x0ie,zKiH5d,o2G9me,mUxuKd,ri2s0b,kBpGk,qv5bsb,UkbOSe,DNlSjf,Xi0ENb,Fu7Bjd,O6y8ed,MpJwZc,PrPYRd,lazG7b,LEikZe,NwH0H,OmgaI,XVMNvd,L1AAkb,KUM7Z,Mlhmy,s39S4,duFQFc,lwddkf,gychg,w9hDv,EEDORb,RMhBfe,CfLNpd,SdcwHb,aW3pY,pw70Gc,mdR7q,EFQ78c,Ulmmrd,ZfAoz,xQtZb,FdMhB,MI6k7c,kjKdXe,JNoxi,kWgXee,BVgquf,QIhFr,YA1iG,V9amgb,hKSk3e,ovKuLd,yDVVkb,hc6Ubd,SpsfSb,KG2eXe,Z5uLle,BBI74,VwDzFe,MdUzUe,A7fCU,zbML3c,zr1jrb,QvLWAb,Uas9Hd,pjICDe, line 776: Error: le
console.error: (new TypeError("this.contentWindow is null", "resource://gre/actors/PictureInPictureChild.sys.mjs", 1169))
JavaScript error: https://www.gstatic.com/_/mss/boq-chrome-webstore/_/js/k=boq-chrome-webstore.ChromeWebStoreConsumerFeUi.pt_PT.IvJYXSU-S_0.es5.O/ck=boq-chrome-webstore.ChromeWebStoreConsumerFeUi.pILee7QVWZk.L.F4.O/am=AGDQWQ/d=1/exm=_b,_tp/excm=_b,_tp,itemdetailview/ed=1/wt=2/ujg=1/rs=AEP720LTNdob8VJc0SmdQplwrWT-dUshew/ee=EVNhjf:pw70Gc;EmZ2Bf:zr1jrb;Erl4fe:FloWmf;JsbNhc:Xd8iUd;LBgRLc:SdcwHb;Me32dd:MEeYgc;NPKaK:SdcwHb;NSEoX:lazG7b;Oj465e:KG2eXe;Pjplud:EEDORb;QGR0gd:Mlhmy;SNUn3:ZwDk9d;a56pNe:JEfCwb;cEt90b:ws9Tlc;dIoSBb:SpsfSb;eBAeSb:zbML3c;iFQyKf:QIhFr;io8t5d:yDVVkb;kMFpHd:OTA3Ae;nAFL3:s39S4;oGtAuc:sOXFj;pXdRYb:MdUzUe;qddgKe:xQtZb;sP4Vbe:VwDzFe;uY49fb:COQbmf;ul9GGd:VDovNc;wR5FRb:YA1iG;xqZiqf:BBI74;yEQyxe:p8L0ob;yxTchf:KUM7Z;zxnPse:duFQFc/m=ws9Tlc,n73qwf,UUJqVe,IZT63,e5qFLc,O1Gjze,mI3LFb,byfTOb,lsjVmc,xUdipf,OTA3Ae,COQbmf,fKUV3e,aurFic,U0aPgd,ZwDk9d,V3dDOb,p8L0ob,YYmHzb,MT4Hub,h4ilFc,M0x0ie,zKiH5d,o2G9me,mUxuKd,ri2s0b,kBpGk,qv5bsb,UkbOSe,DNlSjf,Xi0ENb,Fu7Bjd,O6y8ed,MpJwZc,PrPYRd,lazG7b,LEikZe,NwH0H,OmgaI,XVMNvd,L1AAkb,KUM7Z,Mlhmy,s39S4,duFQFc,lwddkf,gychg,w9hDv,EEDORb,RMhBfe,CfLNpd,SdcwHb,aW3pY,pw70Gc,mdR7q,EFQ78c,Ulmmrd,ZfAoz,xQtZb,FdMhB,MI6k7c,kjKdXe,JNoxi,kWgXee,BVgquf,QIhFr,YA1iG,V9amgb,hKSk3e,ovKuLd,yDVVkb,hc6Ubd,SpsfSb,KG2eXe,Z5uLle,BBI74,VwDzFe,MdUzUe,A7fCU,zbML3c,zr1jrb,QvLWAb,Uas9Hd,pjICDe, line 776: Error: le
console.error: (new TypeError("this.contentWindow is null", "resource://gre/actors/PictureInPictureChild.sys.mjs", 1169))
JavaScript warning: https://www.gstatic.com/_/mss/boq-chrome-webstore/_/js/k=boq-chrome-webstore.ChromeWebStoreConsumerFeUi.pt_PT.IvJYXSU-S_0.es5.O/ck=boq-chrome-webstore.ChromeWebStoreConsumerFeUi.pILee7QVWZk.L.F4.O/am=AGDQWQ/d=1/exm=A7fCU,BBI74,BVgquf,COQbmf,CfLNpd,DNlSjf,EEDORb,EFQ78c,FdMhB,Fu7Bjd,IZT63,JNoxi,KG2eXe,KUM7Z,L1AAkb,LEikZe,M0x0ie,MI6k7c,MT4Hub,MdUzUe,Mlhmy,MpJwZc,NwH0H,O1Gjze,O6y8ed,OTA3Ae,OmgaI,PrPYRd,QIhFr,QvLWAb,RMhBfe,SdcwHb,SpsfSb,U0aPgd,UUJqVe,Uas9Hd,UkbOSe,Ulmmrd,V3dDOb,V9amgb,VwDzFe,XVMNvd,Xi0ENb,YA1iG,YYmHzb,Z5uLle,ZfAoz,ZwDk9d,_b,_tp,aW3pY,aurFic,byfTOb,duFQFc,e5qFLc,fKUV3e,gychg,h4ilFc,hKSk3e,hc6Ubd,kBpGk,kWgXee,kjKdXe,lazG7b,lsjVmc,lwddkf,mI3LFb,mUxuKd,mdR7q,n73qwf,o2G9me,ovKuLd,p8L0ob,pjICDe,pw70Gc,qv5bsb,ri2s0b,s39S4,w9hDv,ws9Tlc,xQtZb,xUdipf,yDVVkb,zKiH5d,zbML3c,zr1jrb/excm=_b,_tp,itemdetailview/ed=1/wt=2/ujg=1/rs=AEP720LTNdob8VJc0SmdQplwrWT-dUshew/ee=EVNhjf:pw70Gc;EmZ2Bf:zr1jrb;Erl4fe:FloWmf;JsbNhc:Xd8iUd;LBgRLc:SdcwHb;Me32dd:MEeYgc;NPKaK:SdcwHb;NSEoX:lazG7b;Oj465e:KG2eXe;Pjplud:EEDORb;QGR0gd:Mlhmy;SNUn3:ZwDk9d;a56pNe:JEfCwb;cEt90b:ws9Tlc;dIoSBb:SpsfSb;eBAeSb:zbML3c;iFQyKf:QIhFr;io8t5d:yDVVkb;kMFpHd:OTA3Ae;nAFL3:s39S4;oGtAuc:sOXFj;pXdRYb:MdUzUe;qddgKe:xQtZb;sP4Vbe:VwDzFe;uY49fb:COQbmf;ul9GGd:VDovNc;wR5FRb:YA1iG;xqZiqf:BBI74;yEQyxe:p8L0ob;yxTchf:KUM7Z;zxnPse:duFQFc/m=RqjULd, line 14: Script terminated by timeout at:
e@https://www.gstatic.com/_/mss/boq-chrome-webstore/_/js/k=boq-chrome-webstore.ChromeWebStoreConsumerFeUi.pt_PT.IvJYXSU-S_0.es5.O/ck=boq-chrome-webstore.ChromeWebStoreConsumerFeUi.pILee7QVWZk.L.F4.O/am=AGDQWQ/d=1/exm=A7fCU,BBI74,BVgquf,COQbmf,CfLNpd,DNlSjf,EEDORb,EFQ78c,FdMhB,Fu7Bjd,IZT63,JNoxi,KG2eXe,KUM7Z,L1AAkb,LEikZe,M0x0ie,MI6k7c,MT4Hub,MdUzUe,Mlhmy,MpJwZc,NwH0H,O1Gjze,O6y8ed,OTA3Ae,OmgaI,PrPYRd,QIhFr,QvLWAb,RMhBfe,SdcwHb,SpsfSb,U0aPgd,UUJqVe,Uas9Hd,UkbOSe,Ulmmrd,V3dDOb,V9amgb,VwDzFe,XVMNvd,Xi0ENb,YA1iG,YYmHzb,Z5uLle,ZfAoz,ZwDk9d,_b,_tp,aW3pY,aurFic,byfTOb,duFQFc,e5qFLc,fKUV3e,gychg,h4ilFc,hKSk3e,hc6Ubd,kBpGk,kWgXee,kjKdXe,lazG7b,lsjVmc,lwddkf,mI3LFb,mUxuKd,mdR7q,n73qwf,o2G9me,ovKuLd,p8L0ob,pjICDe,pw70Gc,qv5bsb,ri2s0b,s39S4,w9hDv,ws9Tlc,xQtZb,xUdipf,yDVVkb,zKiH5d,zbML3c,zr1jrb/excm=_b,_tp,itemdetailview/ed=1/wt=2/ujg=1/rs=AEP720LTNdob8VJc0SmdQplwrWT-dUshew/ee=EVNhjf:pw70Gc;EmZ2Bf:zr1jrb;Erl4fe:FloWmf;JsbNhc:Xd8iUd;LBgRLc:SdcwHb;Me32dd:MEeYgc;NPKaK:SdcwHb;NSEoX:lazG7b;Oj465e:KG2eXe;Pjplud:EEDORb;QGR0gd:Mlhmy;SNUn3:ZwDk9d;a56pNe:JEfCwb;cEt90b:ws9Tlc;dIoSBb:SpsfSb;eBAeSb:zbML3c;iFQyKf:QIhFr;io8t5d:yDVVkb;kMFpHd:OTA3Ae;nAFL3:s39S4;oGtAuc:sOXFj;pXdRYb:MdUzUe;qddgKe:xQtZb;sP4Vbe:VwDzFe;uY49fb:COQbmf;ul9GGd:VDovNc;wR5FRb:YA1iG;xqZiqf:BBI74;yEQyxe:p8L0ob;yxTchf:KUM7Z;zxnPse:duFQFc/m=RqjULd:14:33
dia/<@https://www.gstatic.com/_/mss/boq-chrome-webstore/_/js/k=boq-chrome-webstore.ChromeWebStoreConsumerFeUi.pt_PT.IvJYXSU-S_0.es5.O/ck=boq-chrome-webstore.ChromeWebStoreConsumerFeUi.pILee7QVWZk.L.F4.O/am=AGDQWQ/d=1/exm=A7fCU,BBI74,BVgquf,COQbmf,CfLNpd,DNlSjf,EEDORb,EFQ78c,FdMhB,Fu7Bjd,IZT63,JNoxi,KG2eXe,KUM7Z,L1AAkb,LEikZe,M0x0ie,MI6k7c,MT4Hub,MdUzUe,Mlhmy,MpJwZc,NwH0H,O1Gjze,O6y8ed,OTA3Ae,OmgaI,PrPYRd,QIhFr,QvLWAb,RMhBfe,SdcwHb,SpsfSb,U0aPgd,UUJqVe,Uas9Hd,UkbOSe,Ulmmrd,V3dDOb,V9amgb,VwDzFe,XVMNvd,Xi0ENb,YA1iG,YYmHzb,Z5uLle,ZfAoz,ZwDk9d,_b,_tp,aW3pY,aurFic,byfTOb,duFQFc,e5qFLc,fKUV3e,gychg,h4ilFc,hKSk3e,hc6Ubd,kBpGk,kWgXee,kjKdXe,lazG7b,lsjVmc,lwddkf,mI3LFb,mUxuKd,mdR7q,n73qwf,o2G9me,ovKuLd,p8L0ob,pjICDe,pw70Gc,qv5bsb,ri2s0b,s39S4,w9hDv,ws9Tlc,xQtZb,xUdipf,yDVVkb,zKiH5d,zbML3c,zr1jrb/excm=_b,_tp,itemdetailview/ed=1/wt=2/ujg=1/rs=AEP720LTNdob8VJc0SmdQplwrWT-dUshew/ee=EVNhjf:pw70Gc;EmZ2Bf:zr1jrb;Erl4fe:FloWmf;JsbNhc:Xd8iUd;LBgRLc:SdcwHb;Me32dd:MEeYgc;NPKaK:SdcwHb;NSEoX:lazG7b;Oj465e:KG2eXe;Pjplud:EEDORb;QGR0gd:Mlhmy;SNUn3:ZwDk9d;a56pNe:JEfCwb;cEt90b:ws9Tlc;dIoSBb:SpsfSb;eBAeSb:zbML3c;iFQyKf:QIhFr;io8t5d:yDVVkb;kMFpHd:OTA3Ae;nAFL3:s39S4;oGtAuc:sOXFj;pXdRYb:MdUzUe;qddgKe:xQtZb;sP4Vbe:VwDzFe;uY49fb:COQbmf;ul9GGd:VDovNc;wR5FRb:YA1iG;xqZiqf:BBI74;yEQyxe:p8L0ob;yxTchf:KUM7Z;zxnPse:duFQFc/m=RqjULd:15:30
c@https://www.gstatic.com/_/mss/boq-chrome-webstore/_/js/k=boq-chrome-webstore.ChromeWebStoreConsumerFeUi.pt_PT.IvJYXSU-S_0.es5.O/ck=boq-chrome-webstore.ChromeWebStoreConsumerFeUi.pILee7QVWZk.L.F4.O/am=AGDQWQ/d=1/exm=A7fCU,BBI74,BVgquf,COQbmf,CfLNpd,DNlSjf,EEDORb,EFQ78c,FdMhB,Fu7Bjd,IZT63,JNoxi,KG2eXe,KUM7Z,L1AAkb,LEikZe,M0x0ie,MI6k7c,MT4Hub,MdUzUe,Mlhmy,MpJwZc,NwH0H,O1Gjze,O6y8ed,OTA3Ae,OmgaI,PrPYRd,QIhFr,QvLWAb,RMhBfe,SdcwHb,SpsfSb,U0aPgd,UUJqVe,Uas9Hd,UkbOSe,Ulmmrd,V3dDOb,V9amgb,VwDzFe,XVMNvd,Xi0ENb,YA1iG,YYmHzb,Z5uLle,ZfAoz,ZwDk9d,_b,_tp,aW3pY,aurFic,byfTOb,duFQFc,e5qFLc,fKUV3e,gychg,h4ilFc,hKSk3e,hc6Ubd,kBpGk,kWgXee,kjKdXe,lazG7b,lsjVmc,lwddkf,mI3LFb,mUxuKd,mdR7q,n73qwf,o2G9me,ovKuLd,p8L0ob,pjICDe,pw70Gc,qv5bsb,ri2s0b,s39S4,w9hDv,ws9Tlc,xQtZb,xUdipf,yDVVkb,zKiH5d,zbML3c,zr1jrb/excm=_b,_tp,itemdetailview/ed=1/wt=2/ujg=1/rs=AEP720LTNdob8VJc0SmdQplwrWT-dUshew/ee=EVNhjf:pw70Gc;EmZ2Bf:zr1jrb;Erl4fe:FloWmf;JsbNhc:Xd8iUd;LBgRLc:SdcwHb;Me32dd:MEeYgc;NPKaK:SdcwHb;NSEoX:lazG7b;Oj465e:KG2eXe;Pjplud:EEDORb;QGR0gd:Mlhmy;SNUn3:ZwDk9d;a56pNe:JEfCwb;cEt90b:ws9Tlc;dIoSBb:SpsfSb;eBAeSb:zbML3c;iFQyKf:QIhFr;io8t5d:yDVVkb;kMFpHd:OTA3Ae;nAFL3:s39S4;oGtAuc:sOXFj;pXdRYb:MdUzUe;qddgKe:xQtZb;sP4Vbe:VwDzFe;uY49fb:COQbmf;ul9GGd:VDovNc;wR5FRb:YA1iG;xqZiqf:BBI74;yEQyxe:p8L0ob;yxTchf:KUM7Z;zxnPse:duFQFc/m=RqjULd:10:1958

1713039387681	Marionette	WARN	Ignoring event 'pageshow' because document has an invalid readyState of 'uninitialized'.
JavaScript warning: https://www.google-analytics.com/analytics.js, line 26: Script terminated by timeout at:
ee.prototype.set@https://www.google-analytics.com/analytics.js:26:101
ab@https://www.google-analytics.com/analytics.js:47:107
Ya.prototype.set@https://www.google-analytics.com/analytics.js:46:123
X/b[a]@https://www.google-analytics.com/analytics.js:57:58
Pd@https://www.google-analytics.com/analytics.js:73:982
Sd@https://www.google-analytics.com/analytics.js:75:495
Ha.prototype.D@https://www.google-analytics.com/analytics.js:38:463
pc.prototype.send@https://www.google-analytics.com/analytics.js:77:271
X/b[a]@https://www.google-analytics.com/analytics.js:57:58
Z.v@https://www.google-analytics.com/analytics.js:93:361
Z.D@https://www.google-analytics.com/analytics.js:92:178
N@https://www.google-analytics.com/analytics.js:94:130
_ga@https://addons.mozilla.org/static-frontend/amo-9294d73831a19a55b421.js:8:1405
sendWebVitalStats@https://addons.mozilla.org/static-frontend/amo-9294d73831a19a55b421.js:8:1067
to/<@https://addons.mozilla.org/static-frontend/amo-9294d73831a19a55b421.js:7:4705
ko/</s<@https://addons.mozilla.org/static-frontend/amo-9294d73831a19a55b421.js:7:8323
oo/<@https://addons.mozilla.org/static-frontend/amo-9294d73831a19a55b421.js:7:5042
t@https://addons.mozilla.org/static-frontend/amo-9294d73831a19a55b421.js:7:4912

1713040398892	Marionette	INFO	Stopped listening on port 51337
Dynamically enable window occlusion 1
