1712593223606	geckodriver	INFO	Listening on 127.0.0.1:63201
1712593226685	mozrunner::runner	INFO	Running command: "C:\\Program Files\\Mozilla Firefox\\firefox.exe" "--marionette" "--remote-debugging-port" "63202" "--remote-allow-hosts" "localhost" "-no-remote" "-profile" "C:\\Users\\etmom\\AppData\\Local\\Temp\\rust_mozprofilePNkUgt"
console.warn: services.settings: Ignoring preference override of remote settings server
console.warn: services.settings: Allow by setting MOZ_REMOTE_SETTINGS_DEVTOOLS=1 in the environment
1712593226991	Marionette	INFO	Marionette enabled
Dynamically enable window occlusion 0
1712593227061	Marionette	INFO	Listening on port 63212
WebDriver BiDi listening on ws://127.0.0.1:63202
Read port: 63212
1712593227196	RemoteAgent	WARN	TLS certificate errors will be ignored for this session
DevTools listening on ws://127.0.0.1:63202/devtools/browser/86b210a3-4b0e-4dff-ac96-f920dac9b49b
console.warn: LoginRecipes: "Falling back to a synchronous message for: https://automacao.qacoders-academy.com.br."
console.warn: LoginRecipes: "Falling back to a synchronous message for: https://automacao.qacoders-academy.com.br."
console.warn: LoginRecipes: "Falling back to a synchronous message for: https://automacao.qacoders-academy.com.br."
JavaScript warning: resource://gre/modules/Troubleshoot.sys.mjs, line 739: WebGL context was lost.
JavaScript warning: resource://gre/modules/Troubleshoot.sys.mjs, line 739: WebGL context was lost.
1712593257064	addons.xpi	ERROR	System addon update list error SyntaxError: XMLHttpRequest.open: 'http://%(server)s/dummy-system-addons.xml' is not a valid URL.
JavaScript warning: https://www.googletagmanager.com/gtag/js?id=G-2VC139B3XV&l=dataLayer&cx=c, line 578: Script terminated by timeout at:
aa.hh@https://www.googletagmanager.com/gtag/js?id=G-2VC139B3XV&l=dataLayer&cx=c:578:89
get@https://www.googletagmanager.com/gtag/js?id=G-2VC139B3XV&l=dataLayer&cx=c:576:119
stop@https://www.googletagmanager.com/gtag/js?id=G-2VC139B3XV&l=dataLayer&cx=c:576:87
aa.nk/c/<@https://www.googletagmanager.com/gtag/js?id=G-2VC139B3XV&l=dataLayer&cx=c:576:412

1712593288708	Marionette	WARN	Ignoring event 'pageshow' because document has an invalid readyState of 'uninitialized'.
1712681050470	addons.xpi	ERROR	System addon update list error SyntaxError: XMLHttpRequest.open: 'http://%(server)s/dummy-system-addons.xml' is not a valid URL.
JavaScript error: , line 0: NotFoundError: No such JSWindowActor 'DevToolsFrame'
JavaScript error: , line 0: NS_ERROR_NOT_AVAILABLE
