1713717404587	geckodriver	INFO	Listening on 127.0.0.1:55689
1713717407665	mozrunner::runner	INFO	Running command: "C:\\Program Files\\Mozilla Firefox\\firefox.exe" "--marionette" "--remote-debugging-port" "55690" "--remote-allow-hosts" "localhost" "-no-remote" "-profile" "C:\\Users\\etmom\\AppData\\Local\\Temp\\rust_mozprofileTNyYm8"
console.warn: services.settings: Ignoring preference override of remote settings server
console.warn: services.settings: Allow by setting MOZ_REMOTE_SETTINGS_DEVTOOLS=1 in the environment
Dynamically enable window occlusion 0
1713717407914	Marionette	INFO	Marionette enabled
1713717407987	Marionette	INFO	Listening on port 55699
WebDriver BiDi listening on ws://127.0.0.1:55690
Read port: 55699
1713717408122	RemoteAgent	WARN	TLS certificate errors will be ignored for this session
DevTools listening on ws://127.0.0.1:55690/devtools/browser/11964aed-cb2f-4911-aafb-39bca079370b
console.warn: LoginRecipes: "Falling back to a synchronous message for: https://automacao.qacoders-academy.com.br."
console.warn: LoginRecipes: "Falling back to a synchronous message for: https://automacao.qacoders-academy.com.br."
console.warn: LoginRecipes: "Falling back to a synchronous message for: https://automacao.qacoders-academy.com.br."
1713717438054	addons.xpi	ERROR	System addon update list error SyntaxError: XMLHttpRequest.open: 'http://%(server)s/dummy-system-addons.xml' is not a valid URL.
1713717439194	Marionette	INFO	Stopped listening on port 55699
Dynamically enable window occlusion 1
console.warn: services.settings: main/doh-config sync interrupted by shutdown
console.warn: services.settings: main/devtools-devices sync interrupted by shutdown
console.warn: services.settings: main/websites-with-shared-credential-backends sync interrupted by shutdown
console.warn: services.settings: main/addons-manager-settings sync interrupted by shutdown
console.warn: services.settings: main/query-stripping sync interrupted by shutdown
console.warn: services.settings: main/search-default-override-allowlist sync interrupted by shutdown
console.warn: services.settings: main/search-config sync interrupted by shutdown
console.warn: services.settings: main/search-config-icons sync interrupted by shutdown
console.warn: services.settings: main/search-config-v2 sync interrupted by shutdown
console.warn: services.settings: main/cookie-banner-rules-list sync interrupted by shutdown
console.warn: services.settings: main/search-telemetry-v2 sync interrupted by shutdown
console.warn: services.settings: main/search-config-overrides sync interrupted by shutdown
