1713080085907	geckodriver	INFO	Listening on 127.0.0.1:54660
1713080088929	mozrunner::runner	INFO	Running command: "C:\\Program Files\\Mozilla Firefox\\firefox.exe" "--marionette" "--remote-debugging-port" "54661" "--remote-allow-hosts" "localhost" "-no-remote" "-profile" "C:\\Users\\etmom\\AppData\\Local\\Temp\\rust_mozprofileQbDpC7"
console.warn: services.settings: Ignoring preference override of remote settings server
console.warn: services.settings: Allow by setting MOZ_REMOTE_SETTINGS_DEVTOOLS=1 in the environment
1713080089179	Marionette	INFO	Marionette enabled
Dynamically enable window occlusion 0
1713080089252	Marionette	INFO	Listening on port 54668
WebDriver BiDi listening on ws://127.0.0.1:54661
Read port: 54668
1713080089394	RemoteAgent	WARN	TLS certificate errors will be ignored for this session
DevTools listening on ws://127.0.0.1:54661/devtools/browser/b59ac1d8-465d-457b-8234-9586c7a8189a
console.warn: LoginRecipes: "Falling back to a synchronous message for: https://automacao.qacoders-academy.com.br."
console.warn: LoginRecipes: "Falling back to a synchronous message for: https://automacao.qacoders-academy.com.br."
console.warn: LoginRecipes: "Falling back to a synchronous message for: https://automacao.qacoders-academy.com.br."
1713080119678	addons.xpi	ERROR	System addon update list error SyntaxError: XMLHttpRequest.open: 'http://%(server)s/dummy-system-addons.xml' is not a valid URL.
JavaScript warning: https://www.googletagmanager.com/gtag/js?id=G-B9CY1C9VBC, line 185: Script terminated by timeout at:
z@https://www.googletagmanager.com/gtag/js?id=G-B9CY1C9VBC:185:1328
eA@https://www.googletagmanager.com/gtag/js?id=G-B9CY1C9VBC:536:134
fA/<@https://www.googletagmanager.com/gtag/js?id=G-B9CY1C9VBC:536:111

1713086202423	Marionette	INFO	Stopped listening on port 54668
Dynamically enable window occlusion 1
