1713042442491	geckodriver	INFO	Listening on 127.0.0.1:52601
1713042445549	mozrunner::runner	INFO	Running command: "C:\\Program Files\\Mozilla Firefox\\firefox.exe" "--marionette" "--remote-debugging-port" "52602" "--remote-allow-hosts" "localhost" "-no-remote" "-profile" "C:\\Users\\etmom\\AppData\\Local\\Temp\\rust_mozprofileOCcUxN"
console.warn: services.settings: Ignoring preference override of remote settings server
console.warn: services.settings: Allow by setting MOZ_REMOTE_SETTINGS_DEVTOOLS=1 in the environment
1713042445813	Marionette	INFO	Marionette enabled
Dynamically enable window occlusion 0
1713042445890	Marionette	INFO	Listening on port 52609
WebDriver BiDi listening on ws://127.0.0.1:52602
Read port: 52609
1713042446037	RemoteAgent	WARN	TLS certificate errors will be ignored for this session
DevTools listening on ws://127.0.0.1:52602/devtools/browser/7db2a536-ff2c-4f7d-820d-a27d2fc1c87b
console.warn: LoginRecipes: "Falling back to a synchronous message for: https://automacao.qacoders-academy.com.br."
console.warn: LoginRecipes: "Falling back to a synchronous message for: https://automacao.qacoders-academy.com.br."
console.warn: LoginRecipes: "Falling back to a synchronous message for: https://automacao.qacoders-academy.com.br."
1713042475829	addons.xpi	ERROR	System addon update list error SyntaxError: XMLHttpRequest.open: 'http://%(server)s/dummy-system-addons.xml' is not a valid URL.
JavaScript warning: https://addons.mozilla.org/static-frontend/amo-9294d73831a19a55b421.js, line 7: Script terminated by timeout at:
oo/<@https://addons.mozilla.org/static-frontend/amo-9294d73831a19a55b421.js:7:5038
t@https://addons.mozilla.org/static-frontend/amo-9294d73831a19a55b421.js:7:4912

1713042485241	Marionette	WARN	Ignoring event 'pageshow' because document has an invalid readyState of 'uninitialized'.
1713043064041	Marionette	INFO	Stopped listening on port 52609
Dynamically enable window occlusion 1
