1713115358843	geckodriver	INFO	Listening on 127.0.0.1:61416
1713115361943	mozrunner::runner	INFO	Running command: "C:\\Program Files\\Mozilla Firefox\\firefox.exe" "--marionette" "--remote-debugging-port" "61417" "--remote-allow-hosts" "localhost" "-no-remote" "-profile" "C:\\Users\\etmom\\AppData\\Local\\Temp\\rust_mozprofileZKX9sY"
console.warn: services.settings: Ignoring preference override of remote settings server
console.warn: services.settings: Allow by setting MOZ_REMOTE_SETTINGS_DEVTOOLS=1 in the environment
1713115362268	Marionette	INFO	Marionette enabled
Dynamically enable window occlusion 0
1713115362345	Marionette	INFO	Listening on port 61424
Read port: 61424
WebDriver BiDi listening on ws://127.0.0.1:61417
1713115362399	RemoteAgent	WARN	TLS certificate errors will be ignored for this session
DevTools listening on ws://127.0.0.1:61417/devtools/browser/ab0fc36a-f3fe-44ae-aaed-c8d311ce07d7
console.warn: LoginRecipes: "Falling back to a synchronous message for: https://automacao.qacoders-academy.com.br."
console.warn: LoginRecipes: "Falling back to a synchronous message for: https://automacao.qacoders-academy.com.br."
console.warn: LoginRecipes: "Falling back to a synchronous message for: https://automacao.qacoders-academy.com.br."
1713115392879	addons.xpi	ERROR	System addon update list error SyntaxError: XMLHttpRequest.open: 'http://%(server)s/dummy-system-addons.xml' is not a valid URL.
SourceActor threw an exception: Error: Failed to fetch https://automacao.qacoders-academy.com.br/login. Code 2152398862.
Stack: onResponse@resource://devtools/shared/DevToolsUtils.js:604:16
onStopRequest@resource://gre/modules/NetUtil.sys.mjs:124:18
Line: 604, column: 16
console.error: (new Error("Failed to fetch https://automacao.qacoders-academy.com.br/login. Code 2152398862.", "resource://devtools/shared/DevToolsUtils.js", 604))
JavaScript error: resource://devtools/shared/DevToolsUtils.js, line 604: Error: Failed to fetch https://automacao.qacoders-academy.com.br/login. Code 2152398862.
JavaScript error: resource://gre/modules/AsyncShutdown.sys.mjs, line 570: NotFoundError: No such JSWindowActor 'DevToolsFrame'
1713116074040	Marionette	INFO	Stopped listening on port 61424
Dynamically enable window occlusion 1
