1713711529480	geckodriver	INFO	Listening on 127.0.0.1:53605
1713711532529	mozrunner::runner	INFO	Running command: "C:\\Program Files\\Mozilla Firefox\\firefox.exe" "--marionette" "--remote-debugging-port" "53606" "--remote-allow-hosts" "localhost" "-no-remote" "-profile" "C:\\Users\\etmom\\AppData\\Local\\Temp\\rust_mozprofilehuitpq"
console.warn: services.settings: Ignoring preference override of remote settings server
console.warn: services.settings: Allow by setting MOZ_REMOTE_SETTINGS_DEVTOOLS=1 in the environment
Dynamically enable window occlusion 0
1713711532897	Marionette	INFO	Marionette enabled
1713711532975	Marionette	INFO	Listening on port 53613
WebDriver BiDi listening on ws://127.0.0.1:53606
Read port: 53613
1713711533109	RemoteAgent	WARN	TLS certificate errors will be ignored for this session
DevTools listening on ws://127.0.0.1:53606/devtools/browser/0ff7d41e-9ce8-4cae-91cb-2ce80cf8df7c
console.warn: LoginRecipes: "Falling back to a synchronous message for: https://automacao.qacoders-academy.com.br."
console.warn: LoginRecipes: "Falling back to a synchronous message for: https://automacao.qacoders-academy.com.br."
console.warn: LoginRecipes: "Falling back to a synchronous message for: https://automacao.qacoders-academy.com.br."
1713711564676	addons.xpi	ERROR	System addon update list error SyntaxError: XMLHttpRequest.open: 'http://%(server)s/dummy-system-addons.xml' is not a valid URL.
JavaScript warning: https://automacao.qacoders-academy.com.br/_next/static/chunks/823-bfc2113887f8e7af.js, line 74: Script terminated by timeout at:
rootShouldForwardProp@https://automacao.qacoders-academy.com.br/_next/static/chunks/823-bfc2113887f8e7af.js:74:22020
4567/createStyled/y/k<@https://automacao.qacoders-academy.com.br/_next/static/chunks/430-91c29decc4301096.js:1:21665
6375/withEmotionCache/<@https://automacao.qacoders-academy.com.br/_next/static/chunks/430-91c29decc4301096.js:1:12333
Mf@https://automacao.qacoders-academy.com.br/_next/static/chunks/fd9d1056-529e8696ae1b71f6.js:9:39686
vh@https://automacao.qacoders-academy.com.br/_next/static/chunks/fd9d1056-529e8696ae1b71f6.js:9:57277
rC@https://automacao.qacoders-academy.com.br/_next/static/chunks/fd9d1056-529e8696ae1b71f6.js:9:115143
Jk@https://automacao.qacoders-academy.com.br/_next/static/chunks/fd9d1056-529e8696ae1b71f6.js:9:102247
Ik@https://automacao.qacoders-academy.com.br/_next/static/chunks/fd9d1056-529e8696ae1b71f6.js:9:101424
df@https://automacao.qacoders-academy.com.br/_next/static/chunks/fd9d1056-529e8696ae1b71f6.js:9:101240
bf@https://automacao.qacoders-academy.com.br/_next/static/chunks/fd9d1056-529e8696ae1b71f6.js:9:37000
af@https://automacao.qacoders-academy.com.br/_next/static/chunks/fd9d1056-529e8696ae1b71f6.js:9:37705
4417/$e/<@https://automacao.qacoders-academy.com.br/_next/static/chunks/fd9d1056-529e8696ae1b71f6.js:9:38467

1713713508724	Marionette	INFO	Stopped listening on port 53613
Dynamically enable window occlusion 1
