1713711539247	geckodriver	INFO	Listening on 127.0.0.1:53643
1713711542280	mozrunner::runner	INFO	Running command: "C:\\Program Files\\Mozilla Firefox\\firefox.exe" "--marionette" "--remote-debugging-port" "53644" "--remote-allow-hosts" "localhost" "-no-remote" "-profile" "C:\\Users\\etmom\\AppData\\Local\\Temp\\rust_mozprofileWrDty6"
console.warn: services.settings: Ignoring preference override of remote settings server
console.warn: services.settings: Allow by setting MOZ_REMOTE_SETTINGS_DEVTOOLS=1 in the environment
Dynamically enable window occlusion 0
1713711542590	Marionette	INFO	Marionette enabled
1713711542663	Marionette	INFO	Listening on port 53651
WebDriver BiDi listening on ws://127.0.0.1:53644
Read port: 53651
1713711542799	RemoteAgent	WARN	TLS certificate errors will be ignored for this session
DevTools listening on ws://127.0.0.1:53644/devtools/browser/8a97986b-afd6-4223-81f7-7a62fbf3c679
console.warn: LoginRecipes: "Falling back to a synchronous message for: https://automacao.qacoders-academy.com.br."
console.warn: LoginRecipes: "Falling back to a synchronous message for: https://automacao.qacoders-academy.com.br."
console.warn: LoginRecipes: "Falling back to a synchronous message for: https://automacao.qacoders-academy.com.br."
1713711573303	addons.xpi	ERROR	System addon update list error SyntaxError: XMLHttpRequest.open: 'http://%(server)s/dummy-system-addons.xml' is not a valid URL.
[GFX1-]: wr_renderer_render: OutOfMemory
[GFX1-]: Handling webrender error 2
[GFX1-]: CompositorBridgeChild receives IPC close with reason=AbnormalShutdown
[GFX1-]: CompositorBridgeChild receives IPC close with reason=AbnormalShutdown
[GFX1-]: CompositorBridgeChild receives IPC close with reason=AbnormalShutdown
[GFX1-]: CompositorBridgeChild receives IPC close with reason=AbnormalShutdown
[GFX1-]: CompositorBridgeChild receives IPC close with reason=AbnormalShutdown
[Parent 40824, Main Thread] WARNING: base::KillProcess refusing to terminate process handle 0: file /builds/worker/checkouts/gecko/ipc/chromium/src/base/process_util_win.cc:349
[GFX1-]: GPU process is being launched whilst app is in background
[GFX1-]: CompositorBridgeChild receives IPC close with reason=AbnormalShutdown
[GFX1-]: Killing GPU process due to IPC reply timeout
[GFX1-]: Fallback WR to SW-WR + D3D11
[Parent 40824, Main Thread] WARNING: base::KillProcess refusing to terminate process handle 0: file /builds/worker/checkouts/gecko/ipc/chromium/src/base/process_util_win.cc:349
[GFX1-]: GPU process is being launched whilst app is in background
[GF[[XG1-FX1GFX1-]: -]C]omp: o:sCom CoitopmospriBrtoirBrositidogeChilddgeChr Bririecdld eivesgreC ehceiIPC ldci lvosereec s IewPitCihve  s IrePcaCls oclsooens we=ith  wrAbnieormtaahs reasoolShunn==tAbnodArownb
normalShutdown
malShutdown
[GFX1-]: CompositorBridgeChild receives IPC close with reason=AbnormalShutdown
[GFX1-]: Failed as lost WebRenderBridgeChild.
[GFX1-]: IPC Channel is already torn down unexpectedly

[GFX1-]: CompositorBridgeChild receives IPC close with reason=AbnormalShutdown
[GFX1-]: CompositorBridgeChild receives IPC close with reason=AbnormalShutdown
IPDL protocol error: Handler returned error code!

###!!! [Parent][DispatchSyncMessage] Error: PCompositorBridge::Msg_NotifyChildRecreated Processing error: message was deserialized, but the handler returned false (indicating failure)

1713713503044	Marionette	INFO	Stopped listening on port 53651
Dynamically enable window occlusion 1
