1713711622918	geckodriver	INFO	Listening on 127.0.0.1:53986
1713711625978	mozrunner::runner	INFO	Running command: "C:\\Program Files\\Mozilla Firefox\\firefox.exe" "--marionette" "--remote-debugging-port" "53987" "--remote-allow-hosts" "localhost" "-no-remote" "-profile" "C:\\Users\\etmom\\AppData\\Local\\Temp\\rust_mozprofileNPZ85c"
console.warn: services.settings: Ignoring preference override of remote settings server
console.warn: services.settings: Allow by setting MOZ_REMOTE_SETTINGS_DEVTOOLS=1 in the environment
Dynamically enable window occlusion 0
1713711626399	Marionette	INFO	Marionette enabled
1713711626495	Marionette	INFO	Listening on port 53994
WebDriver BiDi listening on ws://127.0.0.1:53987
Read port: 53994
1713711626696	RemoteAgent	WARN	TLS certificate errors will be ignored for this session
DevTools listening on ws://127.0.0.1:53987/devtools/browser/a55a2fcc-504e-4913-b6ad-6097b98469ef
console.warn: LoginRecipes: "Falling back to a synchronous message for: https://automacao.qacoders-academy.com.br."
console.warn: LoginRecipes: "Falling back to a synchronous message for: https://automacao.qacoders-academy.com.br."
[GFX1-]: Failed to link shader program: ps_text_run

[ERROR webrender::device::gl] Failed to link shader program: ps_text_run
    
[GFX1-]: wr_renderer_render: Shader(Link("ps_text_run", ""))
[GFX1-]: wr_renderer_render: OutOfMemory
[GFX1-]: Handling webrender error 2
[GFX1-]: Fallback WR to SW-WR + D3D11
[GFX1-]: Failed to compile vertex shader: ps_text_run_ALPHA_PASS_DUAL_SOURCE_BLENDING_GLYPH_TRANSFORM_TEXTURE_2D

[ERROR webrender::device::gl] Failed to compile vertex shader: ps_text_run_ALPHA_PASS_DUAL_SOURCE_BLENDING_GLYPH_TRANSFORM_TEXTURE_2D
    
[GFX1-]: wr_renderer_render: OutOfMemory
[GFX1-]: Handling webrender error 2
[GFX1-]: Fallback SW-WR + D3D11 to SW-WR
console.warn: LoginRecipes: "Falling back to a synchronous message for: https://automacao.qacoders-academy.com.br."
Hit MOZ_CRASH([unhandlable oom] Failed to allocate new chunk during GC) at /builds/worker/checkouts/gecko/js/src/vm/JSContext.cpp:1310
Marionette threw an error: TypeError: browsingContext.currentWindowGlobal is null
getMarionetteCommandsActorProxy/get/<@chrome://remote/content/marionette/actors/MarionetteCommandsParent.sys.mjs:357:17

console.error: "Marionette threw an error: TypeError: browsingContext.currentWindowGlobal is null\ngetMarionetteCommandsActorProxy/get/<@chrome://remote/content/marionette/actors/MarionetteCommandsParent.sys.mjs:357:17\n"
A content process crashed and MOZ_CRASHREPORTER_SHUTDOWN is set, shutting down
[GFX1-]: wr_renderer_render: OutOfMemory
[GFX1-]: Handling webrender error 2
[GFX1-]: Fallback remains SW-WR
1713711637159	Marionette	INFO	Stopped listening on port 53994
Dynamically enable window occlusion 1
Marionette threw an error: TypeError: win is null
capture.canvas@chrome://remote/content/shared/Capture.sys.mjs:77:17
takeScreenshot@chrome://remote/content/marionette/actors/MarionetteCommandsParent.sys.mjs:292:37

console.error: "Marionette threw an error: TypeError: win is null\ncapture.canvas@chrome://remote/content/shared/Capture.sys.mjs:77:17\ntakeScreenshot@chrome://remote/content/marionette/actors/MarionetteCommandsParent.sys.mjs:292:37\n"
