1713711559816	geckodriver	INFO	Listening on 127.0.0.1:53720
1713711562889	mozrunner::runner	INFO	Running command: "C:\\Program Files\\Mozilla Firefox\\firefox.exe" "--marionette" "--remote-debugging-port" "53721" "--remote-allow-hosts" "localhost" "-no-remote" "-profile" "C:\\Users\\etmom\\AppData\\Local\\Temp\\rust_mozprofileBH0Agi"
console.warn: services.settings: Ignoring preference override of remote settings server
console.warn: services.settings: Allow by setting MOZ_REMOTE_SETTINGS_DEVTOOLS=1 in the environment
Dynamically enable window occlusion 0
1713711563231	Marionette	INFO	Marionette enabled
1713711563305	Marionette	INFO	Listening on port 53728
WebDriver BiDi listening on ws://127.0.0.1:53721
Read port: 53728
1713711563442	RemoteAgent	WARN	TLS certificate errors will be ignored for this session
DevTools listening on ws://127.0.0.1:53721/devtools/browser/a0ec898f-a50c-4fb8-8454-24eb64550902
console.warn: LoginRecipes: "Falling back to a synchronous message for: https://automacao.qacoders-academy.com.br."
console.warn: LoginRecipes: "Falling back to a synchronous message for: https://automacao.qacoders-academy.com.br."
console.warn: LoginRecipes: "Falling back to a synchronous message for: https://automacao.qacoders-academy.com.br."
console.warn: LoginRecipes: "Falling back to a synchronous message for: https://automacao.qacoders-academy.com.br."
1713711594947	addons.xpi	ERROR	System addon update list error SyntaxError: XMLHttpRequest.open: 'http://%(server)s/dummy-system-addons.xml' is not a valid URL.
[GFX1-]: DCompositionSurface::BeginDraw failed: 0x8007000e Rect(x=525556, y=524373, w=12, h=831)
[GFX1-]: Handling webrender error 4
[GFX1-]: Fallback WR to SW-WR + D3D11
JavaScript warning: https://automacao.qacoders-academy.com.br/_next/static/chunks/823-bfc2113887f8e7af.js, line 74: Script terminated by timeout at:
resolveTheme@https://automacao.qacoders-academy.com.br/_next/static/chunks/823-bfc2113887f8e7af.js:74:19505
systemSx@https://automacao.qacoders-academy.com.br/_next/static/chunks/823-bfc2113887f8e7af.js:74:20133
handleInterpolation@https://automacao.qacoders-academy.com.br/_next/static/chunks/430-91c29decc4301096.js:1:14808
serializeStyles@https://automacao.qacoders-academy.com.br/_next/static/chunks/430-91c29decc4301096.js:1:15803
4567/createStyled/y/k<@https://automacao.qacoders-academy.com.br/_next/static/chunks/430-91c29decc4301096.js:1:21504
6375/withEmotionCache/<@https://automacao.qacoders-academy.com.br/_next/static/chunks/430-91c29decc4301096.js:1:12333
Mf@https://automacao.qacoders-academy.com.br/_next/static/chunks/fd9d1056-529e8696ae1b71f6.js:9:39686
vh@https://automacao.qacoders-academy.com.br/_next/static/chunks/fd9d1056-529e8696ae1b71f6.js:9:57277
rC@https://automacao.qacoders-academy.com.br/_next/static/chunks/fd9d1056-529e8696ae1b71f6.js:9:115143
Jk@https://automacao.qacoders-academy.com.br/_next/static/chunks/fd9d1056-529e8696ae1b71f6.js:9:102247
Ik@https://automacao.qacoders-academy.com.br/_next/static/chunks/fd9d1056-529e8696ae1b71f6.js:9:101424
df@https://automacao.qacoders-academy.com.br/_next/static/chunks/fd9d1056-529e8696ae1b71f6.js:9:101240
bf@https://automacao.qacoders-academy.com.br/_next/static/chunks/fd9d1056-529e8696ae1b71f6.js:9:37000
af@https://automacao.qacoders-academy.com.br/_next/static/chunks/fd9d1056-529e8696ae1b71f6.js:9:37705
4417/$e/<@https://automacao.qacoders-academy.com.br/_next/static/chunks/fd9d1056-529e8696ae1b71f6.js:9:38467

1713713507749	Marionette	INFO	Stopped listening on port 53728
Dynamically enable window occlusion 1
